<?xml version="1.0" encoding="UTF-8"?>
<coverage generated="1767331976264" clover="3.2.0">
  <project timestamp="1767331976265" name="All files">
    <metrics statements="29" coveredstatements="29" conditionals="22" coveredconditionals="17" methods="8" coveredmethods="8" elements="59" coveredelements="54" complexity="0" loc="29" ncloc="29" packages="1" files="1" classes="1"/>
    <file name="index.jsx" path="C:\wui\pro-react\pro-react-admin\src\components\stateless\StickyCard\index.jsx">
      <metrics statements="29" coveredstatements="29" conditionals="22" coveredconditionals="17" methods="8" coveredmethods="8"/>
      <line num="1" count="1" type="stmt"/>
      <line num="2" count="1" type="stmt"/>
      <line num="3" count="1" type="stmt"/>
      <line num="4" count="1" type="stmt"/>
      <line num="5" count="1" type="stmt"/>
      <line num="6" count="1" type="stmt"/>
      <line num="7" count="1" type="stmt"/>
      <line num="8" count="1" type="stmt"/>
      <line num="9" count="1" type="stmt"/>
      <line num="11" count="1" type="stmt"/>
      <line num="12" count="3" type="cond" truecount="4" falsecount="1"/>
      <line num="13" count="3" type="stmt"/>
      <line num="14" count="29" type="cond" truecount="3" falsecount="1"/>
      <line num="15" count="29" type="cond" truecount="2" falsecount="0"/>
      <line num="17" count="3" type="stmt"/>
      <line num="19" count="2" type="cond" truecount="1" falsecount="1"/>
      <line num="27" count="1" type="stmt"/>
      <line num="28" count="1" type="stmt"/>
      <line num="29" count="1" type="stmt"/>
      <line num="30" count="2" type="stmt"/>
      <line num="32" count="1" type="stmt"/>
      <line num="33" count="1" type="stmt"/>
      <line num="34" count="1" type="stmt"/>
      <line num="35" count="1" type="stmt"/>
      <line num="36" count="2" type="stmt"/>
      <line num="37" count="6" type="cond" truecount="2" falsecount="0"/>
      <line num="38" count="6" type="stmt"/>
      <line num="52" count="1" type="stmt"/>
      <line num="56" count="1" type="stmt"/>
    </file>
  </project>
</coverage>
