{"C:\\wui\\pro-react\\pro-react-admin\\jest\\styleMock.js": {"path":"C:\\wui\\pro-react\\pro-react-admin\\jest\\styleMock.js","statementMap":{"0":{"start":{"line":1,"column":16},"end":{"line":1,"column":37}},"1":{"start":{"line":2,"column":23},"end":{"line":2,"column":54}},"2":{"start":{"line":3,"column":24},"end":{"line":3,"column":50}},"3":{"start":{"line":4,"column":19},"end":{"line":4,"column":50}},"4":{"start":{"line":5,"column":15},"end":{"line":8,"column":1}},"5":{"start":{"line":6,"column":2},"end":{"line":7,"column":66}},"6":{"start":{"line":7,"column":4},"end":{"line":7,"column":66}},"7":{"start":{"line":9,"column":18},"end":{"line":16,"column":1}},"8":{"start":{"line":10,"column":2},"end":{"line":14,"column":3}},"9":{"start":{"line":11,"column":4},"end":{"line":13,"column":123}},"10":{"start":{"line":12,"column":6},"end":{"line":13,"column":123}},"11":{"start":{"line":13,"column":8},"end":{"line":13,"column":123}},"12":{"start":{"line":13,"column":40},"end":{"line":13,"column":49}},"13":{"start":{"line":15,"column":2},"end":{"line":15,"column":12}},"14":{"start":{"line":17,"column":19},"end":{"line":17,"column":90}},"15":{"start":{"line":17,"column":28},"end":{"line":17,"column":90}},"16":{"start":{"line":18,"column":20},"end":{"line":18,"column":22}},"17":{"start":{"line":19,"column":0},"end":{"line":21,"column":3}},"18":{"start":{"line":20,"column":17},"end":{"line":20,"column":30}},"19":{"start":{"line":22,"column":0},"end":{"line":22,"column":45}},"20":{"start":{"line":23,"column":20},"end":{"line":23,"column":22}}},"fnMap":{"0":{"name":"(anonymous_0)","decl":{"start":{"line":5,"column":15},"end":{"line":5,"column":16}},"loc":{"start":{"line":5,"column":32},"end":{"line":8,"column":1}},"line":5},"1":{"name":"(anonymous_1)","decl":{"start":{"line":9,"column":18},"end":{"line":9,"column":19}},"loc":{"start":{"line":9,"column":46},"end":{"line":16,"column":1}},"line":9},"2":{"name":"(anonymous_2)","decl":{"start":{"line":13,"column":34},"end":{"line":13,"column":35}},"loc":{"start":{"line":13,"column":40},"end":{"line":13,"column":49}},"line":13},"3":{"name":"(anonymous_3)","decl":{"start":{"line":17,"column":19},"end":{"line":17,"column":20}},"loc":{"start":{"line":17,"column":28},"end":{"line":17,"column":90}},"line":17},"4":{"name":"(anonymous_4)","decl":{"start":{"line":20,"column":11},"end":{"line":20,"column":12}},"loc":{"start":{"line":20,"column":17},"end":{"line":20,"column":30}},"line":20}},"branchMap":{"0":{"loc":{"start":{"line":10,"column":2},"end":{"line":14,"column":3}},"type":"if","locations":[{"start":{"line":10,"column":2},"end":{"line":14,"column":3}},{"start":{},"end":{}}],"line":10},"1":{"loc":{"start":{"line":10,"column":6},"end":{"line":10,"column":68}},"type":"binary-expr","locations":[{"start":{"line":10,"column":6},"end":{"line":10,"column":10}},{"start":{"line":10,"column":14},"end":{"line":10,"column":38}},{"start":{"line":10,"column":42},"end":{"line":10,"column":68}}],"line":10},"2":{"loc":{"start":{"line":12,"column":6},"end":{"line":13,"column":123}},"type":"if","locations":[{"start":{"line":12,"column":6},"end":{"line":13,"column":123}},{"start":{},"end":{}}],"line":12},"3":{"loc":{"start":{"line":12,"column":10},"end":{"line":12,"column":55}},"type":"binary-expr","locations":[{"start":{"line":12,"column":10},"end":{"line":12,"column":37}},{"start":{"line":12,"column":41},"end":{"line":12,"column":55}}],"line":12},"4":{"loc":{"start":{"line":13,"column":63},"end":{"line":13,"column":119}},"type":"binary-expr","locations":[{"start":{"line":13,"column":63},"end":{"line":13,"column":100}},{"start":{"line":13,"column":104},"end":{"line":13,"column":119}}],"line":13}},"s":{"0":1,"1":1,"2":1,"3":1,"4":1,"5":1,"6":1,"7":1,"8":1,"9":1,"10":1,"11":1,"12":8,"13":1,"14":1,"15":1,"16":1,"17":1,"18":8,"19":1,"20":1},"f":{"0":1,"1":1,"2":8,"3":1,"4":8},"b":{"0":[1,0],"1":[1,1,0],"2":[1,0],"3":[1,1],"4":[1,1]},"inputSourceMap":null,"_coverageSchema":"1a1c01bbd47fc00a2c39e90264f33305004495a9","hash":"c3c20e2356b19af8c98b0736fa77af704fbb4859"}
,"C:\\wui\\pro-react\\pro-react-admin\\src\\components\\stateless\\AnimatedIcon\\index.tsx": {"path":"C:\\wui\\pro-react\\pro-react-admin\\src\\components\\stateless\\AnimatedIcon\\index.tsx","statementMap":{"0":{"start":{"line":1,"column":15},"end":{"line":1,"column":28}},"1":{"start":{"line":2,"column":16},"end":{"line":2,"column":37}},"2":{"start":{"line":3,"column":23},"end":{"line":3,"column":54}},"3":{"start":{"line":4,"column":24},"end":{"line":4,"column":50}},"4":{"start":{"line":5,"column":19},"end":{"line":5,"column":40}},"5":{"start":{"line":6,"column":19},"end":{"line":6,"column":50}},"6":{"start":{"line":7,"column":15},"end":{"line":10,"column":1}},"7":{"start":{"line":8,"column":2},"end":{"line":9,"column":66}},"8":{"start":{"line":9,"column":4},"end":{"line":9,"column":66}},"9":{"start":{"line":11,"column":18},"end":{"line":18,"column":1}},"10":{"start":{"line":12,"column":2},"end":{"line":16,"column":3}},"11":{"start":{"line":13,"column":4},"end":{"line":15,"column":123}},"12":{"start":{"line":14,"column":6},"end":{"line":15,"column":123}},"13":{"start":{"line":15,"column":8},"end":{"line":15,"column":123}},"14":{"start":{"line":15,"column":40},"end":{"line":15,"column":49}},"15":{"start":{"line":17,"column":2},"end":{"line":17,"column":12}},"16":{"start":{"line":19,"column":14},"end":{"line":26,"column":2}},"17":{"start":{"line":19,"column":44},"end":{"line":26,"column":1}},"18":{"start":{"line":27,"column":19},"end":{"line":27,"column":90}},"19":{"start":{"line":27,"column":28},"end":{"line":27,"column":90}},"20":{"start":{"line":28,"column":20},"end":{"line":28,"column":22}},"21":{"start":{"line":29,"column":0},"end":{"line":31,"column":3}},"22":{"start":{"line":30,"column":17},"end":{"line":30,"column":30}},"23":{"start":{"line":32,"column":0},"end":{"line":32,"column":45}},"24":{"start":{"line":33,"column":19},"end":{"line":33,"column":44}},"25":{"start":{"line":34,"column":27},"end":{"line":34,"column":51}},"26":{"start":{"line":35,"column":21},"end":{"line":69,"column":1}},"27":{"start":{"line":36,"column":23},"end":{"line":36,"column":67}},"28":{"start":{"line":37,"column":19},"end":{"line":37,"column":51}},"29":{"start":{"line":38,"column":17},"end":{"line":41,"column":3}},"30":{"start":{"line":42,"column":16},"end":{"line":42,"column":120}},"31":{"start":{"line":43,"column":15},"end":{"line":43,"column":122}},"32":{"start":{"line":44,"column":16},"end":{"line":44,"column":117}},"33":{"start":{"line":45,"column":17},"end":{"line":45,"column":112}},"34":{"start":{"line":46,"column":15},"end":{"line":50,"column":8}},"35":{"start":{"line":51,"column":22},"end":{"line":58,"column":3}},"36":{"start":{"line":59,"column":20},"end":{"line":59,"column":33}},"37":{"start":{"line":60,"column":2},"end":{"line":67,"column":3}},"38":{"start":{"line":61,"column":4},"end":{"line":66,"column":5}},"39":{"start":{"line":62,"column":25},"end":{"line":62,"column":72}},"40":{"start":{"line":63,"column":6},"end":{"line":63,"column":108}},"41":{"start":{"line":65,"column":6},"end":{"line":65,"column":137}},"42":{"start":{"line":68,"column":2},"end":{"line":68,"column":133}},"43":{"start":{"line":70,"column":20},"end":{"line":70,"column":32}}},"fnMap":{"0":{"name":"(anonymous_0)","decl":{"start":{"line":7,"column":15},"end":{"line":7,"column":16}},"loc":{"start":{"line":7,"column":32},"end":{"line":10,"column":1}},"line":7},"1":{"name":"(anonymous_1)","decl":{"start":{"line":11,"column":18},"end":{"line":11,"column":19}},"loc":{"start":{"line":11,"column":46},"end":{"line":18,"column":1}},"line":11},"2":{"name":"(anonymous_2)","decl":{"start":{"line":15,"column":34},"end":{"line":15,"column":35}},"loc":{"start":{"line":15,"column":40},"end":{"line":15,"column":49}},"line":15},"3":{"name":"(anonymous_3)","decl":{"start":{"line":19,"column":14},"end":{"line":19,"column":15}},"loc":{"start":{"line":19,"column":44},"end":{"line":26,"column":1}},"line":19},"4":{"name":"(anonymous_4)","decl":{"start":{"line":27,"column":19},"end":{"line":27,"column":20}},"loc":{"start":{"line":27,"column":28},"end":{"line":27,"column":90}},"line":27},"5":{"name":"(anonymous_5)","decl":{"start":{"line":30,"column":11},"end":{"line":30,"column":12}},"loc":{"start":{"line":30,"column":17},"end":{"line":30,"column":30}},"line":30},"6":{"name":"(anonymous_6)","decl":{"start":{"line":35,"column":21},"end":{"line":35,"column":22}},"loc":{"start":{"line":35,"column":98},"end":{"line":69,"column":1}},"line":35}},"branchMap":{"0":{"loc":{"start":{"line":12,"column":2},"end":{"line":16,"column":3}},"type":"if","locations":[{"start":{"line":12,"column":2},"end":{"line":16,"column":3}},{"start":{},"end":{}}],"line":12},"1":{"loc":{"start":{"line":12,"column":6},"end":{"line":12,"column":68}},"type":"binary-expr","locations":[{"start":{"line":12,"column":6},"end":{"line":12,"column":10}},{"start":{"line":12,"column":14},"end":{"line":12,"column":38}},{"start":{"line":12,"column":42},"end":{"line":12,"column":68}}],"line":12},"2":{"loc":{"start":{"line":14,"column":6},"end":{"line":15,"column":123}},"type":"if","locations":[{"start":{"line":14,"column":6},"end":{"line":15,"column":123}},{"start":{},"end":{}}],"line":14},"3":{"loc":{"start":{"line":14,"column":10},"end":{"line":14,"column":55}},"type":"binary-expr","locations":[{"start":{"line":14,"column":10},"end":{"line":14,"column":37}},{"start":{"line":14,"column":41},"end":{"line":14,"column":55}}],"line":14},"4":{"loc":{"start":{"line":15,"column":63},"end":{"line":15,"column":119}},"type":"binary-expr","locations":[{"start":{"line":15,"column":63},"end":{"line":15,"column":100}},{"start":{"line":15,"column":104},"end":{"line":15,"column":119}}],"line":15},"5":{"loc":{"start":{"line":19,"column":53},"end":{"line":19,"column":99}},"type":"cond-expr","locations":[{"start":{"line":19,"column":67},"end":{"line":19,"column":94}},{"start":{"line":19,"column":97},"end":{"line":19,"column":99}}],"line":19},"6":{"loc":{"start":{"line":24,"column":2},"end":{"line":24,"column":113}},"type":"cond-expr","locations":[{"start":{"line":24,"column":42},"end":{"line":24,"column":104}},{"start":{"line":24,"column":107},"end":{"line":24,"column":113}}],"line":24},"7":{"loc":{"start":{"line":24,"column":2},"end":{"line":24,"column":39}},"type":"binary-expr","locations":[{"start":{"line":24,"column":2},"end":{"line":24,"column":12}},{"start":{"line":24,"column":16},"end":{"line":24,"column":20}},{"start":{"line":24,"column":24},"end":{"line":24,"column":39}}],"line":24},"8":{"loc":{"start":{"line":35,"column":34},"end":{"line":35,"column":50}},"type":"default-arg","locations":[{"start":{"line":35,"column":44},"end":{"line":35,"column":50}}],"line":35},"9":{"loc":{"start":{"line":35,"column":52},"end":{"line":35,"column":66}},"type":"default-arg","locations":[{"start":{"line":35,"column":59},"end":{"line":35,"column":66}}],"line":35},"10":{"loc":{"start":{"line":35,"column":68},"end":{"line":35,"column":82}},"type":"default-arg","locations":[{"start":{"line":35,"column":80},"end":{"line":35,"column":82}}],"line":35},"11":{"loc":{"start":{"line":37,"column":19},"end":{"line":37,"column":51}},"type":"binary-expr","locations":[{"start":{"line":37,"column":19},"end":{"line":37,"column":32}},{"start":{"line":37,"column":36},"end":{"line":37,"column":51}}],"line":37},"12":{"loc":{"start":{"line":42,"column":16},"end":{"line":42,"column":120}},"type":"cond-expr","locations":[{"start":{"line":42,"column":52},"end":{"line":42,"column":115}},{"start":{"line":42,"column":118},"end":{"line":42,"column":120}}],"line":42},"13":{"loc":{"start":{"line":42,"column":16},"end":{"line":42,"column":49}},"type":"binary-expr","locations":[{"start":{"line":42,"column":16},"end":{"line":42,"column":32}},{"start":{"line":42,"column":36},"end":{"line":42,"column":49}}],"line":42},"14":{"loc":{"start":{"line":43,"column":15},"end":{"line":43,"column":122}},"type":"cond-expr","locations":[{"start":{"line":43,"column":26},"end":{"line":43,"column":117}},{"start":{"line":43,"column":120},"end":{"line":43,"column":122}}],"line":43},"15":{"loc":{"start":{"line":44,"column":16},"end":{"line":44,"column":117}},"type":"cond-expr","locations":[{"start":{"line":44,"column":27},"end":{"line":44,"column":112}},{"start":{"line":44,"column":115},"end":{"line":44,"column":117}}],"line":44},"16":{"loc":{"start":{"line":45,"column":17},"end":{"line":45,"column":112}},"type":"cond-expr","locations":[{"start":{"line":45,"column":28},"end":{"line":45,"column":107}},{"start":{"line":45,"column":110},"end":{"line":45,"column":112}}],"line":45},"17":{"loc":{"start":{"line":46,"column":15},"end":{"line":50,"column":8}},"type":"cond-expr","locations":[{"start":{"line":46,"column":26},"end":{"line":50,"column":3}},{"start":{"line":50,"column":6},"end":{"line":50,"column":8}}],"line":46},"18":{"loc":{"start":{"line":53,"column":7},"end":{"line":53,"column":37}},"type":"cond-expr","locations":[{"start":{"line":53,"column":28},"end":{"line":53,"column":32}},{"start":{"line":53,"column":35},"end":{"line":53,"column":37}}],"line":53},"19":{"loc":{"start":{"line":54,"column":7},"end":{"line":54,"column":39}},"type":"cond-expr","locations":[{"start":{"line":54,"column":29},"end":{"line":54,"column":34}},{"start":{"line":54,"column":37},"end":{"line":54,"column":39}}],"line":54},"20":{"loc":{"start":{"line":55,"column":7},"end":{"line":55,"column":41}},"type":"cond-expr","locations":[{"start":{"line":55,"column":30},"end":{"line":55,"column":36}},{"start":{"line":55,"column":39},"end":{"line":55,"column":41}}],"line":55},"21":{"loc":{"start":{"line":56,"column":7},"end":{"line":56,"column":37}},"type":"cond-expr","locations":[{"start":{"line":56,"column":28},"end":{"line":56,"column":32}},{"start":{"line":56,"column":35},"end":{"line":56,"column":37}}],"line":56},"22":{"loc":{"start":{"line":60,"column":2},"end":{"line":67,"column":3}},"type":"if","locations":[{"start":{"line":60,"column":2},"end":{"line":67,"column":3}},{"start":{},"end":{}}],"line":60},"23":{"loc":{"start":{"line":60,"column":6},"end":{"line":60,"column":85}},"type":"binary-expr","locations":[{"start":{"line":60,"column":6},"end":{"line":60,"column":15}},{"start":{"line":60,"column":20},"end":{"line":60,"column":39}},{"start":{"line":60,"column":43},"end":{"line":60,"column":59}},{"start":{"line":60,"column":63},"end":{"line":60,"column":84}}],"line":60}},"s":{"0":1,"1":1,"2":1,"3":1,"4":1,"5":1,"6":1,"7":1,"8":1,"9":1,"10":2,"11":2,"12":45,"13":45,"14":1,"15":2,"16":1,"17":1,"18":1,"19":1,"20":1,"21":1,"22":1,"23":1,"24":1,"25":1,"26":1,"27":1,"28":1,"29":1,"30":1,"31":1,"32":1,"33":1,"34":1,"35":1,"36":1,"37":1,"38":1,"39":1,"40":1,"41":0,"42":0,"43":1},"f":{"0":1,"1":2,"2":1,"3":1,"4":1,"5":1,"6":1},"b":{"0":[2,0],"1":[2,2,0],"2":[45,0],"3":[45,45],"4":[45,45],"5":[1,0],"6":[1,0],"7":[1,1,1],"8":[0],"9":[0],"10":[0],"11":[1,1],"12":[1,0],"13":[1,1],"14":[0,1],"15":[0,1],"16":[0,1],"17":[0,1],"18":[1,0],"19":[0,1],"20":[0,1],"21":[0,1],"22":[1,0],"23":[1,1,1,0]},"inputSourceMap":null,"_coverageSchema":"1a1c01bbd47fc00a2c39e90264f33305004495a9","hash":"8b679359e13873d7d70733e0e72b4fe8c8e7eacd"}
,"C:\\wui\\pro-react\\pro-react-admin\\src\\components\\stateless\\OneTimePasscode\\index.tsx": {"path":"C:\\wui\\pro-react\\pro-react-admin\\src\\components\\stateless\\OneTimePasscode\\index.tsx","statementMap":{"0":{"start":{"line":1,"column":15},"end":{"line":1,"column":28}},"1":{"start":{"line":2,"column":16},"end":{"line":2,"column":37}},"2":{"start":{"line":3,"column":23},"end":{"line":3,"column":54}},"3":{"start":{"line":4,"column":24},"end":{"line":4,"column":50}},"4":{"start":{"line":5,"column":19},"end":{"line":5,"column":40}},"5":{"start":{"line":6,"column":19},"end":{"line":6,"column":50}},"6":{"start":{"line":7,"column":15},"end":{"line":10,"column":1}},"7":{"start":{"line":8,"column":2},"end":{"line":9,"column":66}},"8":{"start":{"line":9,"column":4},"end":{"line":9,"column":66}},"9":{"start":{"line":11,"column":18},"end":{"line":18,"column":1}},"10":{"start":{"line":12,"column":2},"end":{"line":16,"column":3}},"11":{"start":{"line":13,"column":4},"end":{"line":15,"column":123}},"12":{"start":{"line":14,"column":6},"end":{"line":15,"column":123}},"13":{"start":{"line":15,"column":8},"end":{"line":15,"column":123}},"14":{"start":{"line":15,"column":40},"end":{"line":15,"column":49}},"15":{"start":{"line":17,"column":2},"end":{"line":17,"column":12}},"16":{"start":{"line":19,"column":14},"end":{"line":26,"column":2}},"17":{"start":{"line":19,"column":44},"end":{"line":26,"column":1}},"18":{"start":{"line":27,"column":19},"end":{"line":27,"column":90}},"19":{"start":{"line":27,"column":28},"end":{"line":27,"column":90}},"20":{"start":{"line":28,"column":20},"end":{"line":28,"column":22}},"21":{"start":{"line":29,"column":0},"end":{"line":32,"column":3}},"22":{"start":{"line":30,"column":25},"end":{"line":30,"column":40}},"23":{"start":{"line":31,"column":17},"end":{"line":31,"column":30}},"24":{"start":{"line":33,"column":0},"end":{"line":33,"column":45}},"25":{"start":{"line":34,"column":19},"end":{"line":34,"column":44}},"26":{"start":{"line":35,"column":26},"end":{"line":35,"column":65}},"27":{"start":{"line":36,"column":19},"end":{"line":36,"column":43}},"28":{"start":{"line":37,"column":18},"end":{"line":37,"column":33}},"29":{"start":{"line":38,"column":24},"end":{"line":38,"column":60}},"30":{"start":{"line":38,"column":32},"end":{"line":38,"column":60}},"31":{"start":{"line":39,"column":24},"end":{"line":210,"column":1}},"32":{"start":{"line":53,"column":21},"end":{"line":53,"column":37}},"33":{"start":{"line":54,"column":34},"end":{"line":54,"column":113}},"34":{"start":{"line":54,"column":67},"end":{"line":54,"column":112}},"35":{"start":{"line":55,"column":15},"end":{"line":55,"column":43}},"36":{"start":{"line":56,"column":20},"end":{"line":56,"column":51}},"37":{"start":{"line":57,"column":2},"end":{"line":62,"column":15}},"38":{"start":{"line":58,"column":4},"end":{"line":61,"column":7}},"39":{"start":{"line":60,"column":6},"end":{"line":60,"column":58}},"40":{"start":{"line":63,"column":2},"end":{"line":65,"column":34}},"41":{"start":{"line":64,"column":4},"end":{"line":64,"column":79}},"42":{"start":{"line":64,"column":20},"end":{"line":64,"column":79}},"43":{"start":{"line":66,"column":2},"end":{"line":68,"column":18}},"44":{"start":{"line":67,"column":4},"end":{"line":67,"column":62}},"45":{"start":{"line":67,"column":38},"end":{"line":67,"column":62}},"46":{"start":{"line":69,"column":19},"end":{"line":73,"column":3}},"47":{"start":{"line":70,"column":22},"end":{"line":70,"column":43}},"48":{"start":{"line":71,"column":4},"end":{"line":71,"column":44}},"49":{"start":{"line":71,"column":21},"end":{"line":71,"column":44}},"50":{"start":{"line":72,"column":4},"end":{"line":72,"column":52}},"51":{"start":{"line":74,"column":20},"end":{"line":74,"column":82}},"52":{"start":{"line":74,"column":29},"end":{"line":74,"column":82}},"53":{"start":{"line":74,"column":62},"end":{"line":74,"column":81}},"54":{"start":{"line":75,"column":23},"end":{"line":90,"column":3}},"55":{"start":{"line":76,"column":4},"end":{"line":82,"column":5}},"56":{"start":{"line":77,"column":19},"end":{"line":77,"column":80}},"57":{"start":{"line":78,"column":6},"end":{"line":78,"column":23}},"58":{"start":{"line":79,"column":22},"end":{"line":79,"column":56}},"59":{"start":{"line":80,"column":6},"end":{"line":80,"column":24}},"60":{"start":{"line":81,"column":6},"end":{"line":81,"column":13}},"61":{"start":{"line":83,"column":4},"end":{"line":83,"column":34}},"62":{"start":{"line":83,"column":27},"end":{"line":83,"column":34}},"63":{"start":{"line":84,"column":16},"end":{"line":84,"column":77}},"64":{"start":{"line":85,"column":4},"end":{"line":85,"column":20}},"65":{"start":{"line":86,"column":19},"end":{"line":86,"column":52}},"66":{"start":{"line":87,"column":4},"end":{"line":87,"column":21}},"67":{"start":{"line":88,"column":17},"end":{"line":88,"column":40}},"68":{"start":{"line":89,"column":4},"end":{"line":89,"column":27}},"69":{"start":{"line":89,"column":14},"end":{"line":89,"column":27}},"70":{"start":{"line":91,"column":24},"end":{"line":110,"column":3}},"71":{"start":{"line":93,"column":19},"end":{"line":93,"column":34}},"72":{"start":{"line":94,"column":4},"end":{"line":109,"column":5}},"73":{"start":{"line":95,"column":6},"end":{"line":102,"column":7}},"74":{"start":{"line":96,"column":21},"end":{"line":96,"column":44}},"75":{"start":{"line":97,"column":8},"end":{"line":97,"column":45}},"76":{"start":{"line":98,"column":20},"end":{"line":98,"column":81}},"77":{"start":{"line":99,"column":8},"end":{"line":99,"column":28}},"78":{"start":{"line":100,"column":8},"end":{"line":100,"column":52}},"79":{"start":{"line":101,"column":8},"end":{"line":101,"column":27}},"80":{"start":{"line":103,"column":11},"end":{"line":109,"column":5}},"81":{"start":{"line":104,"column":6},"end":{"line":104,"column":84}},"82":{"start":{"line":104,"column":21},"end":{"line":104,"column":84}},"83":{"start":{"line":105,"column":6},"end":{"line":105,"column":25}},"84":{"start":{"line":106,"column":11},"end":{"line":109,"column":5}},"85":{"start":{"line":107,"column":6},"end":{"line":107,"column":93}},"86":{"start":{"line":107,"column":30},"end":{"line":107,"column":93}},"87":{"start":{"line":108,"column":6},"end":{"line":108,"column":25}},"88":{"start":{"line":111,"column":22},"end":{"line":125,"column":3}},"89":{"start":{"line":113,"column":18},"end":{"line":113,"column":49}},"90":{"start":{"line":114,"column":4},"end":{"line":114,"column":23}},"91":{"start":{"line":114,"column":16},"end":{"line":114,"column":23}},"92":{"start":{"line":115,"column":18},"end":{"line":115,"column":64}},"93":{"start":{"line":115,"column":48},"end":{"line":115,"column":63}},"94":{"start":{"line":116,"column":4},"end":{"line":116,"column":35}},"95":{"start":{"line":116,"column":28},"end":{"line":116,"column":35}},"96":{"start":{"line":117,"column":17},"end":{"line":117,"column":78}},"97":{"start":{"line":118,"column":4},"end":{"line":120,"column":5}},"98":{"start":{"line":118,"column":17},"end":{"line":118,"column":18}},"99":{"start":{"line":119,"column":6},"end":{"line":119,"column":33}},"100":{"start":{"line":121,"column":4},"end":{"line":121,"column":49}},"101":{"start":{"line":122,"column":23},"end":{"line":122,"column":69}},"102":{"start":{"line":123,"column":4},"end":{"line":123,"column":68}},"103":{"start":{"line":124,"column":4},"end":{"line":124,"column":23}},"104":{"start":{"line":126,"column":17},"end":{"line":126,"column":117}},"105":{"start":{"line":126,"column":50},"end":{"line":126,"column":116}},"106":{"start":{"line":127,"column":14},"end":{"line":127,"column":66}},"107":{"start":{"line":128,"column":24},"end":{"line":128,"column":70}},"108":{"start":{"line":129,"column":19},"end":{"line":129,"column":21}},"109":{"start":{"line":130,"column":18},"end":{"line":130,"column":20}},"110":{"start":{"line":131,"column":2},"end":{"line":136,"column":3}},"111":{"start":{"line":132,"column":18},"end":{"line":132,"column":111}},"112":{"start":{"line":133,"column":4},"end":{"line":133,"column":78}},"113":{"start":{"line":135,"column":4},"end":{"line":135,"column":19}},"114":{"start":{"line":137,"column":24},"end":{"line":137,"column":84}},"115":{"start":{"line":138,"column":18},"end":{"line":138,"column":154}},"116":{"start":{"line":139,"column":20},"end":{"line":139,"column":106}},"117":{"start":{"line":140,"column":19},"end":{"line":150,"column":3}},"118":{"start":{"line":141,"column":14},"end":{"line":141,"column":34}},"119":{"start":{"line":142,"column":19},"end":{"line":145,"column":5}},"120":{"start":{"line":143,"column":46},"end":{"line":143,"column":51}},"121":{"start":{"line":146,"column":14},"end":{"line":146,"column":32}},"122":{"start":{"line":147,"column":14},"end":{"line":147,"column":31}},"123":{"start":{"line":148,"column":14},"end":{"line":148,"column":26}},"124":{"start":{"line":149,"column":4},"end":{"line":149,"column":30}},"125":{"start":{"line":151,"column":2},"end":{"line":158,"column":4}},"126":{"start":{"line":159,"column":23},"end":{"line":159,"column":137}},"127":{"start":{"line":160,"column":30},"end":{"line":176,"column":3}},"128":{"start":{"line":177,"column":2},"end":{"line":209,"column":6}},"129":{"start":{"line":179,"column":4},"end":{"line":208,"column":6}},"130":{"start":{"line":184,"column":10},"end":{"line":184,"column":31}},"131":{"start":{"line":191,"column":10},"end":{"line":191,"column":40}},"132":{"start":{"line":191,"column":33},"end":{"line":191,"column":40}},"133":{"start":{"line":192,"column":10},"end":{"line":192,"column":52}},"134":{"start":{"line":195,"column":10},"end":{"line":195,"column":35}},"135":{"start":{"line":198,"column":10},"end":{"line":198,"column":36}},"136":{"start":{"line":199,"column":10},"end":{"line":199,"column":59}},"137":{"start":{"line":201,"column":26},"end":{"line":201,"column":45}},"138":{"start":{"line":202,"column":24},"end":{"line":202,"column":41}},"139":{"start":{"line":211,"column":20},"end":{"line":211,"column":35}}},"fnMap":{"0":{"name":"(anonymous_0)","decl":{"start":{"line":7,"column":15},"end":{"line":7,"column":16}},"loc":{"start":{"line":7,"column":32},"end":{"line":10,"column":1}},"line":7},"1":{"name":"(anonymous_1)","decl":{"start":{"line":11,"column":18},"end":{"line":11,"column":19}},"loc":{"start":{"line":11,"column":46},"end":{"line":18,"column":1}},"line":11},"2":{"name":"(anonymous_2)","decl":{"start":{"line":15,"column":34},"end":{"line":15,"column":35}},"loc":{"start":{"line":15,"column":40},"end":{"line":15,"column":49}},"line":15},"3":{"name":"(anonymous_3)","decl":{"start":{"line":19,"column":14},"end":{"line":19,"column":15}},"loc":{"start":{"line":19,"column":44},"end":{"line":26,"column":1}},"line":19},"4":{"name":"(anonymous_4)","decl":{"start":{"line":27,"column":19},"end":{"line":27,"column":20}},"loc":{"start":{"line":27,"column":28},"end":{"line":27,"column":90}},"line":27},"5":{"name":"(anonymous_5)","decl":{"start":{"line":30,"column":19},"end":{"line":30,"column":20}},"loc":{"start":{"line":30,"column":25},"end":{"line":30,"column":40}},"line":30},"6":{"name":"(anonymous_6)","decl":{"start":{"line":31,"column":11},"end":{"line":31,"column":12}},"loc":{"start":{"line":31,"column":17},"end":{"line":31,"column":30}},"line":31},"7":{"name":"(anonymous_7)","decl":{"start":{"line":38,"column":24},"end":{"line":38,"column":25}},"loc":{"start":{"line":38,"column":32},"end":{"line":38,"column":60}},"line":38},"8":{"name":"(anonymous_8)","decl":{"start":{"line":39,"column":24},"end":{"line":39,"column":25}},"loc":{"start":{"line":51,"column":6},"end":{"line":210,"column":1}},"line":51},"9":{"name":"(anonymous_9)","decl":{"start":{"line":54,"column":61},"end":{"line":54,"column":62}},"loc":{"start":{"line":54,"column":67},"end":{"line":54,"column":112}},"line":54},"10":{"name":"(anonymous_10)","decl":{"start":{"line":57,"column":30},"end":{"line":57,"column":31}},"loc":{"start":{"line":57,"column":36},"end":{"line":62,"column":3}},"line":57},"11":{"name":"(anonymous_11)","decl":{"start":{"line":58,"column":46},"end":{"line":58,"column":47}},"loc":{"start":{"line":58,"column":56},"end":{"line":61,"column":5}},"line":58},"12":{"name":"(anonymous_12)","decl":{"start":{"line":63,"column":30},"end":{"line":63,"column":31}},"loc":{"start":{"line":63,"column":36},"end":{"line":65,"column":3}},"line":63},"13":{"name":"(anonymous_13)","decl":{"start":{"line":66,"column":30},"end":{"line":66,"column":31}},"loc":{"start":{"line":66,"column":36},"end":{"line":68,"column":3}},"line":66},"14":{"name":"(anonymous_14)","decl":{"start":{"line":69,"column":19},"end":{"line":69,"column":20}},"loc":{"start":{"line":69,"column":29},"end":{"line":73,"column":3}},"line":69},"15":{"name":"(anonymous_15)","decl":{"start":{"line":74,"column":20},"end":{"line":74,"column":21}},"loc":{"start":{"line":74,"column":29},"end":{"line":74,"column":82}},"line":74},"16":{"name":"(anonymous_16)","decl":{"start":{"line":74,"column":52},"end":{"line":74,"column":53}},"loc":{"start":{"line":74,"column":62},"end":{"line":74,"column":81}},"line":74},"17":{"name":"(anonymous_17)","decl":{"start":{"line":75,"column":23},"end":{"line":75,"column":24}},"loc":{"start":{"line":75,"column":38},"end":{"line":90,"column":3}},"line":75},"18":{"name":"(anonymous_18)","decl":{"start":{"line":91,"column":24},"end":{"line":91,"column":25}},"loc":{"start":{"line":91,"column":38},"end":{"line":110,"column":3}},"line":91},"19":{"name":"(anonymous_19)","decl":{"start":{"line":111,"column":22},"end":{"line":111,"column":23}},"loc":{"start":{"line":111,"column":36},"end":{"line":125,"column":3}},"line":111},"20":{"name":"(anonymous_20)","decl":{"start":{"line":115,"column":41},"end":{"line":115,"column":42}},"loc":{"start":{"line":115,"column":48},"end":{"line":115,"column":63}},"line":115},"21":{"name":"(anonymous_21)","decl":{"start":{"line":126,"column":40},"end":{"line":126,"column":41}},"loc":{"start":{"line":126,"column":50},"end":{"line":126,"column":116}},"line":126},"22":{"name":"(anonymous_22)","decl":{"start":{"line":140,"column":19},"end":{"line":140,"column":20}},"loc":{"start":{"line":140,"column":28},"end":{"line":150,"column":3}},"line":140},"23":{"name":"(anonymous_23)","decl":{"start":{"line":143,"column":39},"end":{"line":143,"column":40}},"loc":{"start":{"line":143,"column":46},"end":{"line":143,"column":51}},"line":143},"24":{"name":"(anonymous_24)","decl":{"start":{"line":177,"column":218},"end":{"line":177,"column":219}},"loc":{"start":{"line":177,"column":228},"end":{"line":209,"column":3}},"line":177},"25":{"name":"(anonymous_25)","decl":{"start":{"line":183,"column":13},"end":{"line":183,"column":14}},"loc":{"start":{"line":183,"column":21},"end":{"line":185,"column":9}},"line":183},"26":{"name":"(anonymous_26)","decl":{"start":{"line":190,"column":18},"end":{"line":190,"column":19}},"loc":{"start":{"line":190,"column":25},"end":{"line":193,"column":9}},"line":190},"27":{"name":"(anonymous_27)","decl":{"start":{"line":194,"column":28},"end":{"line":194,"column":29}},"loc":{"start":{"line":194,"column":34},"end":{"line":196,"column":9}},"line":194},"28":{"name":"(anonymous_28)","decl":{"start":{"line":197,"column":26},"end":{"line":197,"column":27}},"loc":{"start":{"line":197,"column":33},"end":{"line":200,"column":9}},"line":197},"29":{"name":"(anonymous_29)","decl":{"start":{"line":201,"column":19},"end":{"line":201,"column":20}},"loc":{"start":{"line":201,"column":26},"end":{"line":201,"column":45}},"line":201},"30":{"name":"(anonymous_30)","decl":{"start":{"line":202,"column":17},"end":{"line":202,"column":18}},"loc":{"start":{"line":202,"column":24},"end":{"line":202,"column":41}},"line":202}},"branchMap":{"0":{"loc":{"start":{"line":12,"column":2},"end":{"line":16,"column":3}},"type":"if","locations":[{"start":{"line":12,"column":2},"end":{"line":16,"column":3}},{"start":{},"end":{}}],"line":12},"1":{"loc":{"start":{"line":12,"column":6},"end":{"line":12,"column":68}},"type":"binary-expr","locations":[{"start":{"line":12,"column":6},"end":{"line":12,"column":10}},{"start":{"line":12,"column":14},"end":{"line":12,"column":38}},{"start":{"line":12,"column":42},"end":{"line":12,"column":68}}],"line":12},"2":{"loc":{"start":{"line":14,"column":6},"end":{"line":15,"column":123}},"type":"if","locations":[{"start":{"line":14,"column":6},"end":{"line":15,"column":123}},{"start":{},"end":{}}],"line":14},"3":{"loc":{"start":{"line":14,"column":10},"end":{"line":14,"column":55}},"type":"binary-expr","locations":[{"start":{"line":14,"column":10},"end":{"line":14,"column":37}},{"start":{"line":14,"column":41},"end":{"line":14,"column":55}}],"line":14},"4":{"loc":{"start":{"line":15,"column":63},"end":{"line":15,"column":119}},"type":"binary-expr","locations":[{"start":{"line":15,"column":63},"end":{"line":15,"column":100}},{"start":{"line":15,"column":104},"end":{"line":15,"column":119}}],"line":15},"5":{"loc":{"start":{"line":19,"column":53},"end":{"line":19,"column":99}},"type":"cond-expr","locations":[{"start":{"line":19,"column":67},"end":{"line":19,"column":94}},{"start":{"line":19,"column":97},"end":{"line":19,"column":99}}],"line":19},"6":{"loc":{"start":{"line":24,"column":2},"end":{"line":24,"column":113}},"type":"cond-expr","locations":[{"start":{"line":24,"column":42},"end":{"line":24,"column":104}},{"start":{"line":24,"column":107},"end":{"line":24,"column":113}}],"line":24},"7":{"loc":{"start":{"line":24,"column":2},"end":{"line":24,"column":39}},"type":"binary-expr","locations":[{"start":{"line":24,"column":2},"end":{"line":24,"column":12}},{"start":{"line":24,"column":16},"end":{"line":24,"column":20}},{"start":{"line":24,"column":24},"end":{"line":24,"column":39}}],"line":24},"8":{"loc":{"start":{"line":38,"column":32},"end":{"line":38,"column":60}},"type":"binary-expr","locations":[{"start":{"line":38,"column":32},"end":{"line":38,"column":41}},{"start":{"line":38,"column":45},"end":{"line":38,"column":60}}],"line":38},"9":{"loc":{"start":{"line":40,"column":2},"end":{"line":40,"column":12}},"type":"default-arg","locations":[{"start":{"line":40,"column":11},"end":{"line":40,"column":12}}],"line":40},"10":{"loc":{"start":{"line":43,"column":2},"end":{"line":43,"column":19}},"type":"default-arg","locations":[{"start":{"line":43,"column":14},"end":{"line":43,"column":19}}],"line":43},"11":{"loc":{"start":{"line":44,"column":2},"end":{"line":44,"column":18}},"type":"default-arg","locations":[{"start":{"line":44,"column":13},"end":{"line":44,"column":18}}],"line":44},"12":{"loc":{"start":{"line":49,"column":2},"end":{"line":49,"column":32}},"type":"default-arg","locations":[{"start":{"line":49,"column":17},"end":{"line":49,"column":32}}],"line":49},"13":{"loc":{"start":{"line":50,"column":2},"end":{"line":50,"column":20}},"type":"default-arg","locations":[{"start":{"line":50,"column":12},"end":{"line":50,"column":20}}],"line":50},"14":{"loc":{"start":{"line":54,"column":68},"end":{"line":54,"column":94}},"type":"cond-expr","locations":[{"start":{"line":54,"column":84},"end":{"line":54,"column":89}},{"start":{"line":54,"column":92},"end":{"line":54,"column":94}}],"line":54},"15":{"loc":{"start":{"line":60,"column":13},"end":{"line":60,"column":57}},"type":"cond-expr","locations":[{"start":{"line":60,"column":47},"end":{"line":60,"column":50}},{"start":{"line":60,"column":53},"end":{"line":60,"column":57}}],"line":60},"16":{"loc":{"start":{"line":64,"column":4},"end":{"line":64,"column":79}},"type":"if","locations":[{"start":{"line":64,"column":4},"end":{"line":64,"column":79}},{"start":{},"end":{}}],"line":64},"17":{"loc":{"start":{"line":64,"column":33},"end":{"line":64,"column":59}},"type":"cond-expr","locations":[{"start":{"line":64,"column":49},"end":{"line":64,"column":54}},{"start":{"line":64,"column":57},"end":{"line":64,"column":59}}],"line":64},"18":{"loc":{"start":{"line":67,"column":4},"end":{"line":67,"column":62}},"type":"if","locations":[{"start":{"line":67,"column":4},"end":{"line":67,"column":62}},{"start":{},"end":{}}],"line":67},"19":{"loc":{"start":{"line":67,"column":8},"end":{"line":67,"column":36}},"type":"binary-expr","locations":[{"start":{"line":67,"column":8},"end":{"line":67,"column":17}},{"start":{"line":67,"column":21},"end":{"line":67,"column":36}}],"line":67},"20":{"loc":{"start":{"line":71,"column":4},"end":{"line":71,"column":44}},"type":"if","locations":[{"start":{"line":71,"column":4},"end":{"line":71,"column":44}},{"start":{},"end":{}}],"line":71},"21":{"loc":{"start":{"line":72,"column":4},"end":{"line":72,"column":51}},"type":"cond-expr","locations":[{"start":{"line":72,"column":23},"end":{"line":72,"column":29}},{"start":{"line":72,"column":32},"end":{"line":72,"column":51}}],"line":72},"22":{"loc":{"start":{"line":74,"column":62},"end":{"line":74,"column":81}},"type":"binary-expr","locations":[{"start":{"line":74,"column":62},"end":{"line":74,"column":65}},{"start":{"line":74,"column":69},"end":{"line":74,"column":75}},{"start":{"line":74,"column":79},"end":{"line":74,"column":81}}],"line":74},"23":{"loc":{"start":{"line":76,"column":4},"end":{"line":82,"column":5}},"type":"if","locations":[{"start":{"line":76,"column":4},"end":{"line":82,"column":5}},{"start":{},"end":{}}],"line":76},"24":{"loc":{"start":{"line":77,"column":29},"end":{"line":77,"column":79}},"type":"cond-expr","locations":[{"start":{"line":77,"column":42},"end":{"line":77,"column":68}},{"start":{"line":77,"column":71},"end":{"line":77,"column":79}}],"line":77},"25":{"loc":{"start":{"line":77,"column":42},"end":{"line":77,"column":68}},"type":"cond-expr","locations":[{"start":{"line":77,"column":58},"end":{"line":77,"column":63}},{"start":{"line":77,"column":66},"end":{"line":77,"column":68}}],"line":77},"26":{"loc":{"start":{"line":83,"column":4},"end":{"line":83,"column":34}},"type":"if","locations":[{"start":{"line":83,"column":4},"end":{"line":83,"column":34}},{"start":{},"end":{}}],"line":83},"27":{"loc":{"start":{"line":84,"column":26},"end":{"line":84,"column":76}},"type":"cond-expr","locations":[{"start":{"line":84,"column":39},"end":{"line":84,"column":65}},{"start":{"line":84,"column":68},"end":{"line":84,"column":76}}],"line":84},"28":{"loc":{"start":{"line":84,"column":39},"end":{"line":84,"column":65}},"type":"cond-expr","locations":[{"start":{"line":84,"column":55},"end":{"line":84,"column":60}},{"start":{"line":84,"column":63},"end":{"line":84,"column":65}}],"line":84},"29":{"loc":{"start":{"line":89,"column":4},"end":{"line":89,"column":27}},"type":"if","locations":[{"start":{"line":89,"column":4},"end":{"line":89,"column":27}},{"start":{},"end":{}}],"line":89},"30":{"loc":{"start":{"line":94,"column":4},"end":{"line":109,"column":5}},"type":"if","locations":[{"start":{"line":94,"column":4},"end":{"line":109,"column":5}},{"start":{"line":103,"column":11},"end":{"line":109,"column":5}}],"line":94},"31":{"loc":{"start":{"line":95,"column":6},"end":{"line":102,"column":7}},"type":"if","locations":[{"start":{"line":95,"column":6},"end":{"line":102,"column":7}},{"start":{},"end":{}}],"line":95},"32":{"loc":{"start":{"line":95,"column":10},"end":{"line":95,"column":42}},"type":"binary-expr","locations":[{"start":{"line":95,"column":10},"end":{"line":95,"column":29}},{"start":{"line":95,"column":33},"end":{"line":95,"column":42}}],"line":95},"33":{"loc":{"start":{"line":97,"column":8},"end":{"line":97,"column":44}},"type":"cond-expr","locations":[{"start":{"line":97,"column":23},"end":{"line":97,"column":29}},{"start":{"line":97,"column":32},"end":{"line":97,"column":44}}],"line":97},"34":{"loc":{"start":{"line":98,"column":30},"end":{"line":98,"column":80}},"type":"cond-expr","locations":[{"start":{"line":98,"column":43},"end":{"line":98,"column":69}},{"start":{"line":98,"column":72},"end":{"line":98,"column":80}}],"line":98},"35":{"loc":{"start":{"line":98,"column":43},"end":{"line":98,"column":69}},"type":"cond-expr","locations":[{"start":{"line":98,"column":59},"end":{"line":98,"column":64}},{"start":{"line":98,"column":67},"end":{"line":98,"column":69}}],"line":98},"36":{"loc":{"start":{"line":103,"column":11},"end":{"line":109,"column":5}},"type":"if","locations":[{"start":{"line":103,"column":11},"end":{"line":109,"column":5}},{"start":{"line":106,"column":11},"end":{"line":109,"column":5}}],"line":103},"37":{"loc":{"start":{"line":104,"column":6},"end":{"line":104,"column":84}},"type":"if","locations":[{"start":{"line":104,"column":6},"end":{"line":104,"column":84}},{"start":{},"end":{}}],"line":104},"38":{"loc":{"start":{"line":104,"column":21},"end":{"line":104,"column":83}},"type":"cond-expr","locations":[{"start":{"line":104,"column":63},"end":{"line":104,"column":69}},{"start":{"line":104,"column":72},"end":{"line":104,"column":83}}],"line":104},"39":{"loc":{"start":{"line":106,"column":11},"end":{"line":109,"column":5}},"type":"if","locations":[{"start":{"line":106,"column":11},"end":{"line":109,"column":5}},{"start":{},"end":{}}],"line":106},"40":{"loc":{"start":{"line":107,"column":6},"end":{"line":107,"column":93}},"type":"if","locations":[{"start":{"line":107,"column":6},"end":{"line":107,"column":93}},{"start":{},"end":{}}],"line":107},"41":{"loc":{"start":{"line":107,"column":30},"end":{"line":107,"column":92}},"type":"cond-expr","locations":[{"start":{"line":107,"column":72},"end":{"line":107,"column":78}},{"start":{"line":107,"column":81},"end":{"line":107,"column":92}}],"line":107},"42":{"loc":{"start":{"line":114,"column":4},"end":{"line":114,"column":23}},"type":"if","locations":[{"start":{"line":114,"column":4},"end":{"line":114,"column":23}},{"start":{},"end":{}}],"line":114},"43":{"loc":{"start":{"line":116,"column":4},"end":{"line":116,"column":35}},"type":"if","locations":[{"start":{"line":116,"column":4},"end":{"line":116,"column":35}},{"start":{},"end":{}}],"line":116},"44":{"loc":{"start":{"line":117,"column":27},"end":{"line":117,"column":77}},"type":"cond-expr","locations":[{"start":{"line":117,"column":40},"end":{"line":117,"column":66}},{"start":{"line":117,"column":69},"end":{"line":117,"column":77}}],"line":117},"45":{"loc":{"start":{"line":117,"column":40},"end":{"line":117,"column":66}},"type":"cond-expr","locations":[{"start":{"line":117,"column":56},"end":{"line":117,"column":61}},{"start":{"line":117,"column":64},"end":{"line":117,"column":66}}],"line":117},"46":{"loc":{"start":{"line":118,"column":20},"end":{"line":118,"column":58}},"type":"binary-expr","locations":[{"start":{"line":118,"column":20},"end":{"line":118,"column":36}},{"start":{"line":118,"column":40},"end":{"line":118,"column":58}}],"line":118},"47":{"loc":{"start":{"line":123,"column":4},"end":{"line":123,"column":67}},"type":"cond-expr","locations":[{"start":{"line":123,"column":47},"end":{"line":123,"column":53}},{"start":{"line":123,"column":56},"end":{"line":123,"column":67}}],"line":123},"48":{"loc":{"start":{"line":126,"column":50},"end":{"line":126,"column":116}},"type":"binary-expr","locations":[{"start":{"line":126,"column":51},"end":{"line":126,"column":109}},{"start":{"line":126,"column":114},"end":{"line":126,"column":116}}],"line":126},"49":{"loc":{"start":{"line":126,"column":51},"end":{"line":126,"column":109}},"type":"cond-expr","locations":[{"start":{"line":126,"column":64},"end":{"line":126,"column":95}},{"start":{"line":126,"column":98},"end":{"line":126,"column":109}}],"line":126},"50":{"loc":{"start":{"line":126,"column":65},"end":{"line":126,"column":91}},"type":"cond-expr","locations":[{"start":{"line":126,"column":81},"end":{"line":126,"column":86}},{"start":{"line":126,"column":89},"end":{"line":126,"column":91}}],"line":126},"51":{"loc":{"start":{"line":127,"column":14},"end":{"line":127,"column":66}},"type":"cond-expr","locations":[{"start":{"line":127,"column":59},"end":{"line":127,"column":61}},{"start":{"line":127,"column":64},"end":{"line":127,"column":66}}],"line":127},"52":{"loc":{"start":{"line":132,"column":18},"end":{"line":132,"column":111}},"type":"cond-expr","locations":[{"start":{"line":132,"column":91},"end":{"line":132,"column":97}},{"start":{"line":132,"column":100},"end":{"line":132,"column":111}}],"line":132},"53":{"loc":{"start":{"line":132,"column":24},"end":{"line":132,"column":79}},"type":"cond-expr","locations":[{"start":{"line":132,"column":59},"end":{"line":132,"column":65}},{"start":{"line":132,"column":68},"end":{"line":132,"column":79}}],"line":132},"54":{"loc":{"start":{"line":133,"column":16},"end":{"line":133,"column":77}},"type":"cond-expr","locations":[{"start":{"line":133,"column":70},"end":{"line":133,"column":72}},{"start":{"line":133,"column":75},"end":{"line":133,"column":77}}],"line":133},"55":{"loc":{"start":{"line":133,"column":22},"end":{"line":133,"column":58}},"type":"cond-expr","locations":[{"start":{"line":133,"column":38},"end":{"line":133,"column":44}},{"start":{"line":133,"column":47},"end":{"line":133,"column":58}}],"line":133},"56":{"loc":{"start":{"line":137,"column":24},"end":{"line":137,"column":84}},"type":"cond-expr","locations":[{"start":{"line":137,"column":48},"end":{"line":137,"column":54}},{"start":{"line":137,"column":57},"end":{"line":137,"column":84}}],"line":137},"57":{"loc":{"start":{"line":138,"column":18},"end":{"line":138,"column":154}},"type":"cond-expr","locations":[{"start":{"line":138,"column":140},"end":{"line":138,"column":142}},{"start":{"line":138,"column":145},"end":{"line":138,"column":154}}],"line":138},"58":{"loc":{"start":{"line":138,"column":24},"end":{"line":138,"column":128}},"type":"cond-expr","locations":[{"start":{"line":138,"column":101},"end":{"line":138,"column":103}},{"start":{"line":138,"column":106},"end":{"line":138,"column":128}}],"line":138},"59":{"loc":{"start":{"line":138,"column":30},"end":{"line":138,"column":89}},"type":"cond-expr","locations":[{"start":{"line":138,"column":54},"end":{"line":138,"column":60}},{"start":{"line":138,"column":63},"end":{"line":138,"column":89}}],"line":138},"60":{"loc":{"start":{"line":139,"column":20},"end":{"line":139,"column":106}},"type":"cond-expr","locations":[{"start":{"line":139,"column":94},"end":{"line":139,"column":96}},{"start":{"line":139,"column":99},"end":{"line":139,"column":106}}],"line":139},"61":{"loc":{"start":{"line":139,"column":26},"end":{"line":139,"column":82}},"type":"cond-expr","locations":[{"start":{"line":139,"column":50},"end":{"line":139,"column":56}},{"start":{"line":139,"column":59},"end":{"line":139,"column":82}}],"line":139},"62":{"loc":{"start":{"line":143,"column":6},"end":{"line":143,"column":65}},"type":"cond-expr","locations":[{"start":{"line":143,"column":23},"end":{"line":143,"column":61}},{"start":{"line":143,"column":64},"end":{"line":143,"column":65}}],"line":143},"63":{"loc":{"start":{"line":154,"column":18},"end":{"line":154,"column":108}},"type":"cond-expr","locations":[{"start":{"line":154,"column":62},"end":{"line":154,"column":64}},{"start":{"line":154,"column":67},"end":{"line":154,"column":108}}],"line":154},"64":{"loc":{"start":{"line":154,"column":67},"end":{"line":154,"column":108}},"type":"cond-expr","locations":[{"start":{"line":154,"column":90},"end":{"line":154,"column":99}},{"start":{"line":154,"column":102},"end":{"line":154,"column":108}}],"line":154},"65":{"loc":{"start":{"line":155,"column":18},"end":{"line":155,"column":104}},"type":"cond-expr","locations":[{"start":{"line":155,"column":55},"end":{"line":155,"column":57}},{"start":{"line":155,"column":60},"end":{"line":155,"column":104}}],"line":155},"66":{"loc":{"start":{"line":155,"column":60},"end":{"line":155,"column":104}},"type":"cond-expr","locations":[{"start":{"line":155,"column":83},"end":{"line":155,"column":92}},{"start":{"line":155,"column":95},"end":{"line":155,"column":104}}],"line":155},"67":{"loc":{"start":{"line":156,"column":20},"end":{"line":156,"column":97}},"type":"cond-expr","locations":[{"start":{"line":156,"column":43},"end":{"line":156,"column":67}},{"start":{"line":156,"column":70},"end":{"line":156,"column":97}}],"line":156},"68":{"loc":{"start":{"line":157,"column":20},"end":{"line":157,"column":96}},"type":"cond-expr","locations":[{"start":{"line":157,"column":43},"end":{"line":157,"column":66}},{"start":{"line":157,"column":69},"end":{"line":157,"column":96}}],"line":157},"69":{"loc":{"start":{"line":159,"column":37},"end":{"line":159,"column":74}},"type":"cond-expr","locations":[{"start":{"line":159,"column":67},"end":{"line":159,"column":69}},{"start":{"line":159,"column":72},"end":{"line":159,"column":74}}],"line":159},"70":{"loc":{"start":{"line":159,"column":76},"end":{"line":159,"column":110}},"type":"cond-expr","locations":[{"start":{"line":159,"column":96},"end":{"line":159,"column":105}},{"start":{"line":159,"column":108},"end":{"line":159,"column":110}}],"line":159},"71":{"loc":{"start":{"line":160,"column":30},"end":{"line":176,"column":3}},"type":"cond-expr","locations":[{"start":{"line":160,"column":42},"end":{"line":160,"column":48}},{"start":{"line":160,"column":51},"end":{"line":176,"column":3}}],"line":160},"72":{"loc":{"start":{"line":177,"column":127},"end":{"line":177,"column":168}},"type":"cond-expr","locations":[{"start":{"line":177,"column":142},"end":{"line":177,"column":146}},{"start":{"line":177,"column":149},"end":{"line":177,"column":168}}],"line":177},"73":{"loc":{"start":{"line":189,"column":15},"end":{"line":189,"column":51}},"type":"cond-expr","locations":[{"start":{"line":189,"column":43},"end":{"line":189,"column":46}},{"start":{"line":189,"column":49},"end":{"line":189,"column":51}}],"line":189},"74":{"loc":{"start":{"line":191,"column":10},"end":{"line":191,"column":40}},"type":"if","locations":[{"start":{"line":191,"column":10},"end":{"line":191,"column":40}},{"start":{},"end":{}}],"line":191},"75":{"loc":{"start":{"line":204,"column":22},"end":{"line":204,"column":58}},"type":"cond-expr","locations":[{"start":{"line":204,"column":50},"end":{"line":204,"column":53}},{"start":{"line":204,"column":56},"end":{"line":204,"column":58}}],"line":204},"76":{"loc":{"start":{"line":204,"column":62},"end":{"line":204,"column":106}},"type":"cond-expr","locations":[{"start":{"line":204,"column":87},"end":{"line":204,"column":101}},{"start":{"line":204,"column":104},"end":{"line":204,"column":106}}],"line":204}},"s":{"0":1,"1":1,"2":1,"3":1,"4":1,"5":1,"6":1,"7":1,"8":2,"9":1,"10":3,"11":3,"12":48,"13":48,"14":60,"15":3,"16":1,"17":2,"18":1,"19":1,"20":1,"21":1,"22":0,"23":4,"24":1,"25":1,"26":1,"27":1,"28":1,"29":1,"30":7,"31":1,"32":8,"33":8,"34":3,"35":8,"36":8,"37":8,"38":3,"39":13,"40":8,"41":4,"42":2,"43":8,"44":3,"45":0,"46":8,"47":4,"48":4,"49":3,"50":4,"51":8,"52":4,"53":17,"54":8,"55":3,"56":0,"57":0,"58":0,"59":0,"60":0,"61":3,"62":0,"63":3,"64":3,"65":3,"66":3,"67":3,"68":3,"69":3,"70":8,"71":3,"72":3,"73":0,"74":0,"75":0,"76":0,"77":0,"78":0,"79":0,"80":3,"81":0,"82":0,"83":0,"84":3,"85":0,"86":0,"87":0,"88":8,"89":1,"90":1,"91":0,"92":1,"93":4,"94":1,"95":0,"96":1,"97":1,"98":1,"99":4,"100":1,"101":1,"102":1,"103":1,"104":8,"105":33,"106":8,"107":8,"108":8,"109":8,"110":8,"111":8,"112":8,"113":0,"114":8,"115":8,"116":8,"117":8,"118":8,"119":8,"120":0,"121":8,"122":8,"123":8,"124":8,"125":8,"126":8,"127":8,"128":8,"129":33,"130":66,"131":3,"132":0,"133":3,"134":0,"135":0,"136":0,"137":3,"138":1,"139":1},"f":{"0":1,"1":3,"2":60,"3":2,"4":1,"5":0,"6":4,"7":7,"8":8,"9":3,"10":3,"11":13,"12":4,"13":3,"14":4,"15":4,"16":17,"17":3,"18":3,"19":1,"20":4,"21":33,"22":8,"23":0,"24":33,"25":66,"26":3,"27":0,"28":0,"29":3,"30":1},"b":{"0":[3,0],"1":[3,3,0],"2":[48,0],"3":[48,48],"4":[48,48],"5":[2,0],"6":[1,1],"7":[2,2,2],"8":[7,7],"9":[0],"10":[8],"11":[8],"12":[8],"13":[8],"14":[1,2],"15":[13,0],"16":[2,2],"17":[2,0],"18":[0,3],"19":[3,0],"20":[3,1],"21":[0,4],"22":[17,4,16],"23":[0,3],"24":[0,0],"25":[0,0],"26":[0,3],"27":[1,2],"28":[1,0],"29":[3,0],"30":[0,3],"31":[0,0],"32":[0,0],"33":[0,0],"34":[0,0],"35":[0,0],"36":[0,3],"37":[0,0],"38":[0,0],"39":[0,3],"40":[0,0],"41":[0,0],"42":[0,1],"43":[0,1],"44":[0,1],"45":[0,0],"46":[5,4],"47":[0,1],"48":[33,24],"49":[9,24],"50":[9,0],"51":[8,0],"52":[0,8],"53":[0,8],"54":[8,0],"55":[0,8],"56":[8,0],"57":[8,0],"58":[0,8],"59":[8,0],"60":[0,8],"61":[8,0],"62":[0,8],"63":[8,0],"64":[0,0],"65":[8,0],"66":[0,0],"67":[0,8],"68":[0,8],"69":[0,8],"70":[0,8],"71":[0,8],"72":[0,8],"73":[33,0],"74":[0,3],"75":[0,33],"76":[0,33]},"inputSourceMap":null,"_coverageSchema":"1a1c01bbd47fc00a2c39e90264f33305004495a9","hash":"9fd231411eae317575d5eb93a4117ad7c0d19417"}
,"C:\\wui\\pro-react\\pro-react-admin\\src\\components\\stateless\\SafeHtml\\index.tsx": {"path":"C:\\wui\\pro-react\\pro-react-admin\\src\\components\\stateless\\SafeHtml\\index.tsx","statementMap":{"0":{"start":{"line":1,"column":15},"end":{"line":1,"column":28}},"1":{"start":{"line":2,"column":16},"end":{"line":2,"column":37}},"2":{"start":{"line":3,"column":23},"end":{"line":3,"column":54}},"3":{"start":{"line":4,"column":24},"end":{"line":4,"column":50}},"4":{"start":{"line":5,"column":19},"end":{"line":5,"column":40}},"5":{"start":{"line":6,"column":19},"end":{"line":6,"column":50}},"6":{"start":{"line":7,"column":15},"end":{"line":10,"column":1}},"7":{"start":{"line":8,"column":2},"end":{"line":9,"column":66}},"8":{"start":{"line":9,"column":4},"end":{"line":9,"column":66}},"9":{"start":{"line":11,"column":18},"end":{"line":18,"column":1}},"10":{"start":{"line":12,"column":2},"end":{"line":16,"column":3}},"11":{"start":{"line":13,"column":4},"end":{"line":15,"column":123}},"12":{"start":{"line":14,"column":6},"end":{"line":15,"column":123}},"13":{"start":{"line":15,"column":8},"end":{"line":15,"column":123}},"14":{"start":{"line":15,"column":40},"end":{"line":15,"column":49}},"15":{"start":{"line":17,"column":2},"end":{"line":17,"column":12}},"16":{"start":{"line":19,"column":14},"end":{"line":26,"column":2}},"17":{"start":{"line":19,"column":44},"end":{"line":26,"column":1}},"18":{"start":{"line":27,"column":19},"end":{"line":27,"column":90}},"19":{"start":{"line":27,"column":28},"end":{"line":27,"column":90}},"20":{"start":{"line":28,"column":20},"end":{"line":28,"column":22}},"21":{"start":{"line":29,"column":0},"end":{"line":31,"column":3}},"22":{"start":{"line":30,"column":17},"end":{"line":30,"column":30}},"23":{"start":{"line":32,"column":0},"end":{"line":32,"column":45}},"24":{"start":{"line":33,"column":19},"end":{"line":33,"column":44}},"25":{"start":{"line":34,"column":34},"end":{"line":34,"column":74}},"26":{"start":{"line":35,"column":23},"end":{"line":101,"column":1}},"27":{"start":{"line":98,"column":56},"end":{"line":98,"column":79}},"28":{"start":{"line":102,"column":17},"end":{"line":117,"column":1}},"29":{"start":{"line":104,"column":22},"end":{"line":104,"column":25}},"30":{"start":{"line":105,"column":22},"end":{"line":109,"column":22}},"31":{"start":{"line":106,"column":26},"end":{"line":106,"column":58}},"32":{"start":{"line":107,"column":24},"end":{"line":107,"column":87}},"33":{"start":{"line":108,"column":6},"end":{"line":108,"column":23}},"34":{"start":{"line":110,"column":4},"end":{"line":110,"column":137}},"35":{"start":{"line":110,"column":32},"end":{"line":110,"column":137}},"36":{"start":{"line":111,"column":4},"end":{"line":115,"column":7}},"37":{"start":{"line":118,"column":20},"end":{"line":118,"column":28}}},"fnMap":{"0":{"name":"(anonymous_0)","decl":{"start":{"line":7,"column":15},"end":{"line":7,"column":16}},"loc":{"start":{"line":7,"column":32},"end":{"line":10,"column":1}},"line":7},"1":{"name":"(anonymous_1)","decl":{"start":{"line":11,"column":18},"end":{"line":11,"column":19}},"loc":{"start":{"line":11,"column":46},"end":{"line":18,"column":1}},"line":11},"2":{"name":"(anonymous_2)","decl":{"start":{"line":15,"column":34},"end":{"line":15,"column":35}},"loc":{"start":{"line":15,"column":40},"end":{"line":15,"column":49}},"line":15},"3":{"name":"(anonymous_3)","decl":{"start":{"line":19,"column":14},"end":{"line":19,"column":15}},"loc":{"start":{"line":19,"column":44},"end":{"line":26,"column":1}},"line":19},"4":{"name":"(anonymous_4)","decl":{"start":{"line":27,"column":19},"end":{"line":27,"column":20}},"loc":{"start":{"line":27,"column":28},"end":{"line":27,"column":90}},"line":27},"5":{"name":"(anonymous_5)","decl":{"start":{"line":30,"column":11},"end":{"line":30,"column":12}},"loc":{"start":{"line":30,"column":17},"end":{"line":30,"column":30}},"line":30},"6":{"name":"(anonymous_6)","decl":{"start":{"line":98,"column":43},"end":{"line":98,"column":44}},"loc":{"start":{"line":98,"column":56},"end":{"line":98,"column":79}},"line":98},"7":{"name":"(anonymous_7)","decl":{"start":{"line":103,"column":2},"end":{"line":103,"column":3}},"loc":{"start":{"line":103,"column":85},"end":{"line":116,"column":3}},"line":103},"8":{"name":"(anonymous_8)","decl":{"start":{"line":105,"column":48},"end":{"line":105,"column":49}},"loc":{"start":{"line":105,"column":54},"end":{"line":109,"column":5}},"line":105}},"branchMap":{"0":{"loc":{"start":{"line":12,"column":2},"end":{"line":16,"column":3}},"type":"if","locations":[{"start":{"line":12,"column":2},"end":{"line":16,"column":3}},{"start":{},"end":{}}],"line":12},"1":{"loc":{"start":{"line":12,"column":6},"end":{"line":12,"column":68}},"type":"binary-expr","locations":[{"start":{"line":12,"column":6},"end":{"line":12,"column":10}},{"start":{"line":12,"column":14},"end":{"line":12,"column":38}},{"start":{"line":12,"column":42},"end":{"line":12,"column":68}}],"line":12},"2":{"loc":{"start":{"line":14,"column":6},"end":{"line":15,"column":123}},"type":"if","locations":[{"start":{"line":14,"column":6},"end":{"line":15,"column":123}},{"start":{},"end":{}}],"line":14},"3":{"loc":{"start":{"line":14,"column":10},"end":{"line":14,"column":55}},"type":"binary-expr","locations":[{"start":{"line":14,"column":10},"end":{"line":14,"column":37}},{"start":{"line":14,"column":41},"end":{"line":14,"column":55}}],"line":14},"4":{"loc":{"start":{"line":15,"column":63},"end":{"line":15,"column":119}},"type":"binary-expr","locations":[{"start":{"line":15,"column":63},"end":{"line":15,"column":100}},{"start":{"line":15,"column":104},"end":{"line":15,"column":119}}],"line":15},"5":{"loc":{"start":{"line":19,"column":53},"end":{"line":19,"column":99}},"type":"cond-expr","locations":[{"start":{"line":19,"column":67},"end":{"line":19,"column":94}},{"start":{"line":19,"column":97},"end":{"line":19,"column":99}}],"line":19},"6":{"loc":{"start":{"line":24,"column":2},"end":{"line":24,"column":113}},"type":"cond-expr","locations":[{"start":{"line":24,"column":42},"end":{"line":24,"column":104}},{"start":{"line":24,"column":107},"end":{"line":24,"column":113}}],"line":24},"7":{"loc":{"start":{"line":24,"column":2},"end":{"line":24,"column":39}},"type":"binary-expr","locations":[{"start":{"line":24,"column":2},"end":{"line":24,"column":12}},{"start":{"line":24,"column":16},"end":{"line":24,"column":20}},{"start":{"line":24,"column":24},"end":{"line":24,"column":39}}],"line":24},"8":{"loc":{"start":{"line":103,"column":11},"end":{"line":103,"column":22}},"type":"default-arg","locations":[{"start":{"line":103,"column":20},"end":{"line":103,"column":22}}],"line":103},"9":{"loc":{"start":{"line":103,"column":24},"end":{"line":103,"column":35}},"type":"default-arg","locations":[{"start":{"line":103,"column":30},"end":{"line":103,"column":35}}],"line":103},"10":{"loc":{"start":{"line":103,"column":37},"end":{"line":103,"column":52}},"type":"default-arg","locations":[{"start":{"line":103,"column":48},"end":{"line":103,"column":52}}],"line":103},"11":{"loc":{"start":{"line":103,"column":54},"end":{"line":103,"column":68}},"type":"default-arg","locations":[{"start":{"line":103,"column":66},"end":{"line":103,"column":68}}],"line":103},"12":{"loc":{"start":{"line":110,"column":4},"end":{"line":110,"column":137}},"type":"if","locations":[{"start":{"line":110,"column":4},"end":{"line":110,"column":137}},{"start":{},"end":{}}],"line":110},"13":{"loc":{"start":{"line":110,"column":8},"end":{"line":110,"column":30}},"type":"binary-expr","locations":[{"start":{"line":110,"column":8},"end":{"line":110,"column":18}},{"start":{"line":110,"column":22},"end":{"line":110,"column":30}}],"line":110}},"s":{"0":1,"1":1,"2":1,"3":1,"4":1,"5":1,"6":1,"7":1,"8":1,"9":1,"10":3,"11":3,"12":58,"13":58,"14":9,"15":3,"16":1,"17":2,"18":1,"19":1,"20":1,"21":1,"22":4,"23":1,"24":1,"25":1,"26":1,"27":0,"28":1,"29":4,"30":4,"31":4,"32":4,"33":4,"34":4,"35":1,"36":3,"37":1},"f":{"0":1,"1":3,"2":9,"3":2,"4":1,"5":4,"6":0,"7":4,"8":4},"b":{"0":[3,0],"1":[3,3,1],"2":[58,0],"3":[58,58],"4":[58,58],"5":[2,0],"6":[2,0],"7":[2,2,2],"8":[4],"9":[3],"10":[3],"11":[4],"12":[1,3],"13":[4,1]},"inputSourceMap":null,"_coverageSchema":"1a1c01bbd47fc00a2c39e90264f33305004495a9","hash":"1dff66ea566157b40000d55de738fd7491bbc8c4"}
,"C:\\wui\\pro-react\\pro-react-admin\\src\\components\\stateless\\StickyCard\\index.jsx": {"path":"C:\\wui\\pro-react\\pro-react-admin\\src\\components\\stateless\\StickyCard\\index.jsx","statementMap":{"0":{"start":{"line":1,"column":15},"end":{"line":1,"column":28}},"1":{"start":{"line":2,"column":16},"end":{"line":2,"column":37}},"2":{"start":{"line":3,"column":23},"end":{"line":3,"column":54}},"3":{"start":{"line":4,"column":24},"end":{"line":4,"column":50}},"4":{"start":{"line":5,"column":19},"end":{"line":5,"column":40}},"5":{"start":{"line":6,"column":19},"end":{"line":6,"column":50}},"6":{"start":{"line":7,"column":15},"end":{"line":10,"column":1}},"7":{"start":{"line":8,"column":2},"end":{"line":9,"column":66}},"8":{"start":{"line":9,"column":4},"end":{"line":9,"column":66}},"9":{"start":{"line":11,"column":18},"end":{"line":18,"column":1}},"10":{"start":{"line":12,"column":2},"end":{"line":16,"column":3}},"11":{"start":{"line":13,"column":4},"end":{"line":15,"column":123}},"12":{"start":{"line":14,"column":6},"end":{"line":15,"column":123}},"13":{"start":{"line":15,"column":8},"end":{"line":15,"column":123}},"14":{"start":{"line":15,"column":40},"end":{"line":15,"column":49}},"15":{"start":{"line":17,"column":2},"end":{"line":17,"column":12}},"16":{"start":{"line":19,"column":14},"end":{"line":26,"column":2}},"17":{"start":{"line":19,"column":44},"end":{"line":26,"column":1}},"18":{"start":{"line":27,"column":19},"end":{"line":27,"column":90}},"19":{"start":{"line":27,"column":28},"end":{"line":27,"column":90}},"20":{"start":{"line":28,"column":20},"end":{"line":28,"column":22}},"21":{"start":{"line":29,"column":0},"end":{"line":31,"column":3}},"22":{"start":{"line":30,"column":17},"end":{"line":30,"column":30}},"23":{"start":{"line":32,"column":0},"end":{"line":32,"column":45}},"24":{"start":{"line":33,"column":18},"end":{"line":33,"column":42}},"25":{"start":{"line":34,"column":24},"end":{"line":34,"column":54}},"26":{"start":{"line":35,"column":19},"end":{"line":51,"column":1}},"27":{"start":{"line":36,"column":2},"end":{"line":50,"column":6}},"28":{"start":{"line":37,"column":25},"end":{"line":37,"column":93}},"29":{"start":{"line":38,"column":4},"end":{"line":49,"column":6}},"30":{"start":{"line":52,"column":0},"end":{"line":55,"column":2}},"31":{"start":{"line":56,"column":20},"end":{"line":56,"column":30}}},"fnMap":{"0":{"name":"(anonymous_0)","decl":{"start":{"line":7,"column":15},"end":{"line":7,"column":16}},"loc":{"start":{"line":7,"column":32},"end":{"line":10,"column":1}},"line":7},"1":{"name":"(anonymous_1)","decl":{"start":{"line":11,"column":18},"end":{"line":11,"column":19}},"loc":{"start":{"line":11,"column":46},"end":{"line":18,"column":1}},"line":11},"2":{"name":"(anonymous_2)","decl":{"start":{"line":15,"column":34},"end":{"line":15,"column":35}},"loc":{"start":{"line":15,"column":40},"end":{"line":15,"column":49}},"line":15},"3":{"name":"(anonymous_3)","decl":{"start":{"line":19,"column":14},"end":{"line":19,"column":15}},"loc":{"start":{"line":19,"column":44},"end":{"line":26,"column":1}},"line":19},"4":{"name":"(anonymous_4)","decl":{"start":{"line":27,"column":19},"end":{"line":27,"column":20}},"loc":{"start":{"line":27,"column":28},"end":{"line":27,"column":90}},"line":27},"5":{"name":"(anonymous_5)","decl":{"start":{"line":30,"column":11},"end":{"line":30,"column":12}},"loc":{"start":{"line":30,"column":17},"end":{"line":30,"column":30}},"line":30},"6":{"name":"(anonymous_6)","decl":{"start":{"line":35,"column":19},"end":{"line":35,"column":20}},"loc":{"start":{"line":35,"column":44},"end":{"line":51,"column":1}},"line":35},"7":{"name":"(anonymous_7)","decl":{"start":{"line":36,"column":124},"end":{"line":36,"column":125}},"loc":{"start":{"line":36,"column":141},"end":{"line":50,"column":3}},"line":36}},"branchMap":{"0":{"loc":{"start":{"line":12,"column":2},"end":{"line":16,"column":3}},"type":"if","locations":[{"start":{"line":12,"column":2},"end":{"line":16,"column":3}},{"start":{},"end":{}}],"line":12},"1":{"loc":{"start":{"line":12,"column":6},"end":{"line":12,"column":68}},"type":"binary-expr","locations":[{"start":{"line":12,"column":6},"end":{"line":12,"column":10}},{"start":{"line":12,"column":14},"end":{"line":12,"column":38}},{"start":{"line":12,"column":42},"end":{"line":12,"column":68}}],"line":12},"2":{"loc":{"start":{"line":14,"column":6},"end":{"line":15,"column":123}},"type":"if","locations":[{"start":{"line":14,"column":6},"end":{"line":15,"column":123}},{"start":{},"end":{}}],"line":14},"3":{"loc":{"start":{"line":14,"column":10},"end":{"line":14,"column":55}},"type":"binary-expr","locations":[{"start":{"line":14,"column":10},"end":{"line":14,"column":37}},{"start":{"line":14,"column":41},"end":{"line":14,"column":55}}],"line":14},"4":{"loc":{"start":{"line":15,"column":63},"end":{"line":15,"column":119}},"type":"binary-expr","locations":[{"start":{"line":15,"column":63},"end":{"line":15,"column":100}},{"start":{"line":15,"column":104},"end":{"line":15,"column":119}}],"line":15},"5":{"loc":{"start":{"line":19,"column":53},"end":{"line":19,"column":99}},"type":"cond-expr","locations":[{"start":{"line":19,"column":67},"end":{"line":19,"column":94}},{"start":{"line":19,"column":97},"end":{"line":19,"column":99}}],"line":19},"6":{"loc":{"start":{"line":24,"column":2},"end":{"line":24,"column":113}},"type":"cond-expr","locations":[{"start":{"line":24,"column":42},"end":{"line":24,"column":104}},{"start":{"line":24,"column":107},"end":{"line":24,"column":113}}],"line":24},"7":{"loc":{"start":{"line":24,"column":2},"end":{"line":24,"column":39}},"type":"binary-expr","locations":[{"start":{"line":24,"column":2},"end":{"line":24,"column":12}},{"start":{"line":24,"column":16},"end":{"line":24,"column":20}},{"start":{"line":24,"column":24},"end":{"line":24,"column":39}}],"line":24},"8":{"loc":{"start":{"line":37,"column":25},"end":{"line":37,"column":93}},"type":"cond-expr","locations":[{"start":{"line":37,"column":43},"end":{"line":37,"column":66}},{"start":{"line":37,"column":69},"end":{"line":37,"column":93}}],"line":37},"9":{"loc":{"start":{"line":41,"column":13},"end":{"line":41,"column":44}},"type":"cond-expr","locations":[{"start":{"line":41,"column":28},"end":{"line":41,"column":34}},{"start":{"line":41,"column":37},"end":{"line":41,"column":44}}],"line":41}},"s":{"0":1,"1":1,"2":1,"3":1,"4":1,"5":1,"6":1,"7":1,"8":1,"9":1,"10":3,"11":3,"12":29,"13":29,"14":2,"15":3,"16":1,"17":2,"18":1,"19":1,"20":1,"21":1,"22":2,"23":1,"24":1,"25":1,"26":1,"27":2,"28":6,"29":6,"30":1,"31":1},"f":{"0":1,"1":3,"2":2,"3":2,"4":1,"5":2,"6":2,"7":6},"b":{"0":[3,0],"1":[3,3,1],"2":[29,0],"3":[29,29],"4":[29,29],"5":[2,0],"6":[2,0],"7":[2,2,2],"8":[4,2],"9":[0,6]},"inputSourceMap":null,"_coverageSchema":"1a1c01bbd47fc00a2c39e90264f33305004495a9","hash":"392f846afb6a20c9aabd14b55df5a5c0273c357e"}
,"C:\\wui\\pro-react\\pro-react-admin\\src\\theme\\hooks.tsx": {"path":"C:\\wui\\pro-react\\pro-react-admin\\src\\theme\\hooks.tsx","statementMap":{"0":{"start":{"line":1,"column":15},"end":{"line":1,"column":28}},"1":{"start":{"line":2,"column":16},"end":{"line":2,"column":37}},"2":{"start":{"line":3,"column":23},"end":{"line":3,"column":54}},"3":{"start":{"line":4,"column":24},"end":{"line":4,"column":50}},"4":{"start":{"line":5,"column":19},"end":{"line":5,"column":40}},"5":{"start":{"line":6,"column":19},"end":{"line":6,"column":50}},"6":{"start":{"line":7,"column":15},"end":{"line":10,"column":1}},"7":{"start":{"line":8,"column":2},"end":{"line":9,"column":66}},"8":{"start":{"line":9,"column":4},"end":{"line":9,"column":66}},"9":{"start":{"line":11,"column":18},"end":{"line":18,"column":1}},"10":{"start":{"line":12,"column":2},"end":{"line":16,"column":3}},"11":{"start":{"line":13,"column":4},"end":{"line":15,"column":123}},"12":{"start":{"line":14,"column":6},"end":{"line":15,"column":123}},"13":{"start":{"line":15,"column":8},"end":{"line":15,"column":123}},"14":{"start":{"line":15,"column":40},"end":{"line":15,"column":49}},"15":{"start":{"line":17,"column":2},"end":{"line":17,"column":12}},"16":{"start":{"line":19,"column":14},"end":{"line":26,"column":2}},"17":{"start":{"line":19,"column":44},"end":{"line":26,"column":1}},"18":{"start":{"line":27,"column":19},"end":{"line":27,"column":90}},"19":{"start":{"line":27,"column":28},"end":{"line":27,"column":90}},"20":{"start":{"line":28,"column":20},"end":{"line":28,"column":22}},"21":{"start":{"line":29,"column":0},"end":{"line":34,"column":3}},"22":{"start":{"line":30,"column":26},"end":{"line":30,"column":42}},"23":{"start":{"line":31,"column":25},"end":{"line":31,"column":40}},"24":{"start":{"line":32,"column":36},"end":{"line":32,"column":62}},"25":{"start":{"line":33,"column":28},"end":{"line":33,"column":46}},"26":{"start":{"line":35,"column":0},"end":{"line":35,"column":45}},"27":{"start":{"line":36,"column":19},"end":{"line":36,"column":44}},"28":{"start":{"line":37,"column":24},"end":{"line":50,"column":1}},"29":{"start":{"line":51,"column":24},"end":{"line":51,"column":61}},"30":{"start":{"line":52,"column":27},"end":{"line":58,"column":1}},"31":{"start":{"line":53,"column":14},"end":{"line":53,"column":59}},"32":{"start":{"line":54,"column":2},"end":{"line":56,"column":3}},"33":{"start":{"line":55,"column":4},"end":{"line":55,"column":79}},"34":{"start":{"line":57,"column":2},"end":{"line":57,"column":13}},"35":{"start":{"line":59,"column":20},"end":{"line":59,"column":52}},"36":{"start":{"line":60,"column":25},"end":{"line":112,"column":1}},"37":{"start":{"line":61,"column":44},"end":{"line":71,"column":4}},"38":{"start":{"line":62,"column":19},"end":{"line":62,"column":52}},"39":{"start":{"line":63,"column":4},"end":{"line":69,"column":5}},"40":{"start":{"line":64,"column":6},"end":{"line":68,"column":7}},"41":{"start":{"line":65,"column":8},"end":{"line":65,"column":81}},"42":{"start":{"line":67,"column":8},"end":{"line":67,"column":78}},"43":{"start":{"line":70,"column":4},"end":{"line":70,"column":54}},"44":{"start":{"line":72,"column":2},"end":{"line":88,"column":22}},"45":{"start":{"line":73,"column":4},"end":{"line":73,"column":69}},"46":{"start":{"line":74,"column":17},"end":{"line":74,"column":41}},"47":{"start":{"line":75,"column":24},"end":{"line":75,"column":94}},"48":{"start":{"line":76,"column":25},"end":{"line":76,"column":48}},"49":{"start":{"line":77,"column":4},"end":{"line":79,"column":5}},"50":{"start":{"line":78,"column":6},"end":{"line":78,"column":95}},"51":{"start":{"line":80,"column":4},"end":{"line":80,"column":40}},"52":{"start":{"line":81,"column":4},"end":{"line":87,"column":5}},"53":{"start":{"line":82,"column":6},"end":{"line":82,"column":41}},"54":{"start":{"line":83,"column":11},"end":{"line":87,"column":5}},"55":{"start":{"line":84,"column":6},"end":{"line":84,"column":40}},"56":{"start":{"line":86,"column":6},"end":{"line":86,"column":29}},"57":{"start":{"line":89,"column":2},"end":{"line":103,"column":32}},"58":{"start":{"line":90,"column":4},"end":{"line":90,"column":68}},"59":{"start":{"line":90,"column":61},"end":{"line":90,"column":68}},"60":{"start":{"line":91,"column":16},"end":{"line":91,"column":65}},"61":{"start":{"line":92,"column":20},"end":{"line":96,"column":5}},"62":{"start":{"line":93,"column":6},"end":{"line":95,"column":7}},"63":{"start":{"line":94,"column":8},"end":{"line":94,"column":78}},"64":{"start":{"line":97,"column":4},"end":{"line":98,"column":55}},"65":{"start":{"line":97,"column":30},"end":{"line":97,"column":70}},"66":{"start":{"line":98,"column":9},"end":{"line":98,"column":55}},"67":{"start":{"line":98,"column":30},"end":{"line":98,"column":55}},"68":{"start":{"line":99,"column":4},"end":{"line":102,"column":6}},"69":{"start":{"line":100,"column":6},"end":{"line":101,"column":63}},"70":{"start":{"line":100,"column":35},"end":{"line":100,"column":78}},"71":{"start":{"line":101,"column":11},"end":{"line":101,"column":63}},"72":{"start":{"line":101,"column":35},"end":{"line":101,"column":63}},"73":{"start":{"line":104,"column":25},"end":{"line":106,"column":3}},"74":{"start":{"line":105,"column":4},"end":{"line":105,"column":59}},"75":{"start":{"line":105,"column":32},"end":{"line":105,"column":56}},"76":{"start":{"line":107,"column":24},"end":{"line":110,"column":3}},"77":{"start":{"line":108,"column":11},"end":{"line":108,"column":62}},"78":{"start":{"line":111,"column":2},"end":{"line":111,"column":122}},"79":{"start":{"line":113,"column":35},"end":{"line":115,"column":1}},"80":{"start":{"line":114,"column":2},"end":{"line":114,"column":55}}},"fnMap":{"0":{"name":"(anonymous_0)","decl":{"start":{"line":7,"column":15},"end":{"line":7,"column":16}},"loc":{"start":{"line":7,"column":32},"end":{"line":10,"column":1}},"line":7},"1":{"name":"(anonymous_1)","decl":{"start":{"line":11,"column":18},"end":{"line":11,"column":19}},"loc":{"start":{"line":11,"column":46},"end":{"line":18,"column":1}},"line":11},"2":{"name":"(anonymous_2)","decl":{"start":{"line":15,"column":34},"end":{"line":15,"column":35}},"loc":{"start":{"line":15,"column":40},"end":{"line":15,"column":49}},"line":15},"3":{"name":"(anonymous_3)","decl":{"start":{"line":19,"column":14},"end":{"line":19,"column":15}},"loc":{"start":{"line":19,"column":44},"end":{"line":26,"column":1}},"line":19},"4":{"name":"(anonymous_4)","decl":{"start":{"line":27,"column":19},"end":{"line":27,"column":20}},"loc":{"start":{"line":27,"column":28},"end":{"line":27,"column":90}},"line":27},"5":{"name":"(anonymous_5)","decl":{"start":{"line":30,"column":20},"end":{"line":30,"column":21}},"loc":{"start":{"line":30,"column":26},"end":{"line":30,"column":42}},"line":30},"6":{"name":"(anonymous_6)","decl":{"start":{"line":31,"column":19},"end":{"line":31,"column":20}},"loc":{"start":{"line":31,"column":25},"end":{"line":31,"column":40}},"line":31},"7":{"name":"(anonymous_7)","decl":{"start":{"line":32,"column":30},"end":{"line":32,"column":31}},"loc":{"start":{"line":32,"column":36},"end":{"line":32,"column":62}},"line":32},"8":{"name":"(anonymous_8)","decl":{"start":{"line":33,"column":22},"end":{"line":33,"column":23}},"loc":{"start":{"line":33,"column":28},"end":{"line":33,"column":46}},"line":33},"9":{"name":"(anonymous_9)","decl":{"start":{"line":52,"column":27},"end":{"line":52,"column":28}},"loc":{"start":{"line":52,"column":33},"end":{"line":58,"column":1}},"line":52},"10":{"name":"(anonymous_10)","decl":{"start":{"line":60,"column":25},"end":{"line":60,"column":26}},"loc":{"start":{"line":60,"column":77},"end":{"line":112,"column":1}},"line":60},"11":{"name":"(anonymous_11)","decl":{"start":{"line":61,"column":71},"end":{"line":61,"column":72}},"loc":{"start":{"line":61,"column":77},"end":{"line":71,"column":3}},"line":61},"12":{"name":"(anonymous_12)","decl":{"start":{"line":72,"column":30},"end":{"line":72,"column":31}},"loc":{"start":{"line":72,"column":36},"end":{"line":88,"column":3}},"line":72},"13":{"name":"(anonymous_13)","decl":{"start":{"line":89,"column":30},"end":{"line":89,"column":31}},"loc":{"start":{"line":89,"column":36},"end":{"line":103,"column":3}},"line":89},"14":{"name":"(anonymous_14)","decl":{"start":{"line":92,"column":20},"end":{"line":92,"column":21}},"loc":{"start":{"line":92,"column":27},"end":{"line":96,"column":5}},"line":92},"15":{"name":"(anonymous_15)","decl":{"start":{"line":99,"column":11},"end":{"line":99,"column":12}},"loc":{"start":{"line":99,"column":17},"end":{"line":102,"column":5}},"line":99},"16":{"name":"(anonymous_16)","decl":{"start":{"line":104,"column":25},"end":{"line":104,"column":26}},"loc":{"start":{"line":104,"column":39},"end":{"line":106,"column":3}},"line":104},"17":{"name":"(anonymous_17)","decl":{"start":{"line":105,"column":21},"end":{"line":105,"column":22}},"loc":{"start":{"line":105,"column":32},"end":{"line":105,"column":56}},"line":105},"18":{"name":"(anonymous_18)","decl":{"start":{"line":108,"column":4},"end":{"line":108,"column":5}},"loc":{"start":{"line":108,"column":11},"end":{"line":108,"column":62}},"line":108},"19":{"name":"(anonymous_19)","decl":{"start":{"line":113,"column":35},"end":{"line":113,"column":36}},"loc":{"start":{"line":113,"column":41},"end":{"line":115,"column":1}},"line":113}},"branchMap":{"0":{"loc":{"start":{"line":12,"column":2},"end":{"line":16,"column":3}},"type":"if","locations":[{"start":{"line":12,"column":2},"end":{"line":16,"column":3}},{"start":{},"end":{}}],"line":12},"1":{"loc":{"start":{"line":12,"column":6},"end":{"line":12,"column":68}},"type":"binary-expr","locations":[{"start":{"line":12,"column":6},"end":{"line":12,"column":10}},{"start":{"line":12,"column":14},"end":{"line":12,"column":38}},{"start":{"line":12,"column":42},"end":{"line":12,"column":68}}],"line":12},"2":{"loc":{"start":{"line":14,"column":6},"end":{"line":15,"column":123}},"type":"if","locations":[{"start":{"line":14,"column":6},"end":{"line":15,"column":123}},{"start":{},"end":{}}],"line":14},"3":{"loc":{"start":{"line":14,"column":10},"end":{"line":14,"column":55}},"type":"binary-expr","locations":[{"start":{"line":14,"column":10},"end":{"line":14,"column":37}},{"start":{"line":14,"column":41},"end":{"line":14,"column":55}}],"line":14},"4":{"loc":{"start":{"line":15,"column":63},"end":{"line":15,"column":119}},"type":"binary-expr","locations":[{"start":{"line":15,"column":63},"end":{"line":15,"column":100}},{"start":{"line":15,"column":104},"end":{"line":15,"column":119}}],"line":15},"5":{"loc":{"start":{"line":19,"column":53},"end":{"line":19,"column":99}},"type":"cond-expr","locations":[{"start":{"line":19,"column":67},"end":{"line":19,"column":94}},{"start":{"line":19,"column":97},"end":{"line":19,"column":99}}],"line":19},"6":{"loc":{"start":{"line":24,"column":2},"end":{"line":24,"column":113}},"type":"cond-expr","locations":[{"start":{"line":24,"column":42},"end":{"line":24,"column":104}},{"start":{"line":24,"column":107},"end":{"line":24,"column":113}}],"line":24},"7":{"loc":{"start":{"line":24,"column":2},"end":{"line":24,"column":39}},"type":"binary-expr","locations":[{"start":{"line":24,"column":2},"end":{"line":24,"column":12}},{"start":{"line":24,"column":16},"end":{"line":24,"column":20}},{"start":{"line":24,"column":24},"end":{"line":24,"column":39}}],"line":24},"8":{"loc":{"start":{"line":54,"column":2},"end":{"line":56,"column":3}},"type":"if","locations":[{"start":{"line":54,"column":2},"end":{"line":56,"column":3}},{"start":{},"end":{}}],"line":54},"9":{"loc":{"start":{"line":63,"column":4},"end":{"line":69,"column":5}},"type":"if","locations":[{"start":{"line":63,"column":4},"end":{"line":69,"column":5}},{"start":{},"end":{}}],"line":63},"10":{"loc":{"start":{"line":75,"column":24},"end":{"line":75,"column":94}},"type":"binary-expr","locations":[{"start":{"line":75,"column":24},"end":{"line":75,"column":41}},{"start":{"line":75,"column":45},"end":{"line":75,"column":94}}],"line":75},"11":{"loc":{"start":{"line":77,"column":4},"end":{"line":79,"column":5}},"type":"if","locations":[{"start":{"line":77,"column":4},"end":{"line":79,"column":5}},{"start":{},"end":{}}],"line":77},"12":{"loc":{"start":{"line":78,"column":23},"end":{"line":78,"column":94}},"type":"cond-expr","locations":[{"start":{"line":78,"column":78},"end":{"line":78,"column":84}},{"start":{"line":78,"column":87},"end":{"line":78,"column":94}}],"line":78},"13":{"loc":{"start":{"line":78,"column":24},"end":{"line":78,"column":74}},"type":"cond-expr","locations":[{"start":{"line":78,"column":46},"end":{"line":78,"column":52}},{"start":{"line":78,"column":55},"end":{"line":78,"column":74}}],"line":78},"14":{"loc":{"start":{"line":81,"column":4},"end":{"line":87,"column":5}},"type":"if","locations":[{"start":{"line":81,"column":4},"end":{"line":87,"column":5}},{"start":{"line":83,"column":11},"end":{"line":87,"column":5}}],"line":81},"15":{"loc":{"start":{"line":83,"column":11},"end":{"line":87,"column":5}},"type":"if","locations":[{"start":{"line":83,"column":11},"end":{"line":87,"column":5}},{"start":{"line":85,"column":11},"end":{"line":87,"column":5}}],"line":83},"16":{"loc":{"start":{"line":90,"column":4},"end":{"line":90,"column":68}},"type":"if","locations":[{"start":{"line":90,"column":4},"end":{"line":90,"column":68}},{"start":{},"end":{}}],"line":90},"17":{"loc":{"start":{"line":90,"column":8},"end":{"line":90,"column":59}},"type":"binary-expr","locations":[{"start":{"line":90,"column":8},"end":{"line":90,"column":37}},{"start":{"line":90,"column":41},"end":{"line":90,"column":59}}],"line":90},"18":{"loc":{"start":{"line":93,"column":6},"end":{"line":95,"column":7}},"type":"if","locations":[{"start":{"line":93,"column":6},"end":{"line":95,"column":7}},{"start":{},"end":{}}],"line":93},"19":{"loc":{"start":{"line":94,"column":49},"end":{"line":94,"column":77}},"type":"cond-expr","locations":[{"start":{"line":94,"column":61},"end":{"line":94,"column":67}},{"start":{"line":94,"column":70},"end":{"line":94,"column":77}}],"line":94},"20":{"loc":{"start":{"line":97,"column":4},"end":{"line":98,"column":55}},"type":"if","locations":[{"start":{"line":97,"column":4},"end":{"line":98,"column":55}},{"start":{"line":98,"column":9},"end":{"line":98,"column":55}}],"line":97},"21":{"loc":{"start":{"line":98,"column":9},"end":{"line":98,"column":55}},"type":"if","locations":[{"start":{"line":98,"column":9},"end":{"line":98,"column":55}},{"start":{},"end":{}}],"line":98},"22":{"loc":{"start":{"line":100,"column":6},"end":{"line":101,"column":63}},"type":"if","locations":[{"start":{"line":100,"column":6},"end":{"line":101,"column":63}},{"start":{"line":101,"column":11},"end":{"line":101,"column":63}}],"line":100},"23":{"loc":{"start":{"line":101,"column":11},"end":{"line":101,"column":63}},"type":"if","locations":[{"start":{"line":101,"column":11},"end":{"line":101,"column":63}},{"start":{},"end":{}}],"line":101}},"s":{"0":1,"1":1,"2":1,"3":1,"4":1,"5":1,"6":1,"7":1,"8":4,"9":1,"10":2,"11":2,"12":48,"13":48,"14":17,"15":2,"16":1,"17":1,"18":1,"19":1,"20":1,"21":1,"22":0,"23":0,"24":8,"25":0,"26":1,"27":1,"28":1,"29":1,"30":1,"31":0,"32":0,"33":0,"34":0,"35":1,"36":1,"37":0,"38":0,"39":0,"40":0,"41":0,"42":0,"43":0,"44":0,"45":0,"46":0,"47":0,"48":0,"49":0,"50":0,"51":0,"52":0,"53":0,"54":0,"55":0,"56":0,"57":0,"58":0,"59":0,"60":0,"61":0,"62":0,"63":0,"64":0,"65":0,"66":0,"67":0,"68":0,"69":0,"70":0,"71":0,"72":0,"73":0,"74":0,"75":0,"76":0,"77":0,"78":0,"79":1,"80":8},"f":{"0":1,"1":2,"2":17,"3":1,"4":1,"5":0,"6":0,"7":8,"8":0,"9":0,"10":0,"11":0,"12":0,"13":0,"14":0,"15":0,"16":0,"17":0,"18":0,"19":8},"b":{"0":[2,0],"1":[2,2,0],"2":[48,0],"3":[48,48],"4":[48,48],"5":[1,0],"6":[1,0],"7":[1,1,1],"8":[0,0],"9":[0,0],"10":[0,0],"11":[0,0],"12":[0,0],"13":[0,0],"14":[0,0],"15":[0,0],"16":[0,0],"17":[0,0],"18":[0,0],"19":[0,0],"20":[0,0],"21":[0,0],"22":[0,0],"23":[0,0]},"inputSourceMap":null,"_coverageSchema":"1a1c01bbd47fc00a2c39e90264f33305004495a9","hash":"e922983b86f8ccf01552e5f8d5c41a7945cf86bc"}
}
