TN:
SF:src\components\stateless\SafeHtml\index.tsx
FN:7,(anonymous_0)
FN:11,(anonymous_1)
FN:15,(anonymous_2)
FN:19,(anonymous_3)
FN:27,(anonymous_4)
FN:30,(anonymous_5)
FN:98,(anonymous_6)
FN:103,(anonymous_7)
FN:112,(anonymous_8)
FNF:9
FNH:8
FNDA:1,(anonymous_0)
FNDA:3,(anonymous_1)
FNDA:9,(anonymous_2)
FNDA:2,(anonymous_3)
FNDA:1,(anonymous_4)
FNDA:4,(anonymous_5)
FNDA:0,(anonymous_6)
FNDA:4,(anonymous_7)
FNDA:4,(anonymous_8)
DA:1,1
DA:2,1
DA:3,1
DA:4,1
DA:5,1
DA:6,1
DA:7,1
DA:8,1
DA:9,1
DA:11,1
DA:12,3
DA:13,3
DA:14,58
DA:15,58
DA:17,3
DA:19,2
DA:27,1
DA:28,1
DA:29,1
DA:30,4
DA:32,1
DA:33,1
DA:34,1
DA:35,1
DA:98,0
DA:102,1
DA:111,4
DA:112,4
DA:113,4
DA:114,4
DA:115,4
DA:117,4
DA:118,3
DA:125,1
LF:34
LH:33
BRDA:12,0,0,3
BRDA:12,0,1,0
BRDA:12,1,0,3
BRDA:12,1,1,3
BRDA:12,1,2,1
BRDA:14,2,0,58
BRDA:14,2,1,0
BRDA:14,3,0,58
BRDA:14,3,1,58
BRDA:15,4,0,58
BRDA:15,4,1,58
BRDA:19,5,0,2
BRDA:19,5,1,0
BRDA:24,6,0,2
BRDA:24,6,1,0
BRDA:24,7,0,2
BRDA:24,7,1,2
BRDA:24,7,2,2
BRDA:105,8,0,4
BRDA:106,9,0,3
BRDA:107,10,0,3
BRDA:108,11,0,4
BRDA:117,12,0,1
BRDA:117,12,1,3
BRDA:117,13,0,4
BRDA:117,13,1,1
BRF:26
BRH:22
end_of_record
