TN:
SF:jest\styleMock.js
FN:5,(anonymous_0)
FN:9,(anonymous_1)
FN:13,(anonymous_2)
FN:17,(anonymous_3)
FN:20,(anonymous_4)
FNF:5
FNH:5
FNDA:1,(anonymous_0)
FNDA:1,(anonymous_1)
FNDA:8,(anonymous_2)
FNDA:1,(anonymous_3)
FNDA:8,(anonymous_4)
DA:1,1
DA:2,1
DA:3,1
DA:4,1
DA:5,1
DA:6,1
DA:7,1
DA:9,1
DA:10,1
DA:11,1
DA:12,1
DA:13,8
DA:15,1
DA:17,1
DA:18,1
DA:19,1
DA:20,8
DA:22,1
DA:23,1
LF:19
LH:19
BRDA:10,0,0,1
BRDA:10,0,1,0
BRDA:10,1,0,1
BRDA:10,1,1,1
BRDA:10,1,2,0
BRDA:12,2,0,1
BRDA:12,2,1,0
BRDA:12,3,0,1
BRDA:12,3,1,1
BRDA:13,4,0,1
BRDA:13,4,1,1
BRF:11
BRH:8
end_of_record
TN:
SF:src\components\stateless\AnimatedIcon\index.tsx
FN:7,(anonymous_0)
FN:11,(anonymous_1)
FN:15,(anonymous_2)
FN:19,(anonymous_3)
FN:27,(anonymous_4)
FN:30,(anonymous_5)
FN:35,(anonymous_6)
FNF:7
FNH:7
FNDA:1,(anonymous_0)
FNDA:2,(anonymous_1)
FNDA:1,(anonymous_2)
FNDA:1,(anonymous_3)
FNDA:1,(anonymous_4)
FNDA:1,(anonymous_5)
FNDA:1,(anonymous_6)
DA:1,1
DA:2,1
DA:3,1
DA:4,1
DA:5,1
DA:6,1
DA:7,1
DA:8,1
DA:9,1
DA:11,1
DA:12,2
DA:13,2
DA:14,45
DA:15,45
DA:17,2
DA:19,1
DA:27,1
DA:28,1
DA:29,1
DA:30,1
DA:32,1
DA:33,1
DA:34,1
DA:35,1
DA:36,1
DA:37,1
DA:38,1
DA:42,1
DA:43,1
DA:44,1
DA:45,1
DA:46,1
DA:51,1
DA:59,1
DA:60,1
DA:61,1
DA:62,1
DA:63,1
DA:65,0
DA:68,0
DA:70,1
LF:41
LH:39
BRDA:12,0,0,2
BRDA:12,0,1,0
BRDA:12,1,0,2
BRDA:12,1,1,2
BRDA:12,1,2,0
BRDA:14,2,0,45
BRDA:14,2,1,0
BRDA:14,3,0,45
BRDA:14,3,1,45
BRDA:15,4,0,45
BRDA:15,4,1,45
BRDA:19,5,0,1
BRDA:19,5,1,0
BRDA:24,6,0,1
BRDA:24,6,1,0
BRDA:24,7,0,1
BRDA:24,7,1,1
BRDA:24,7,2,1
BRDA:35,8,0,0
BRDA:35,9,0,0
BRDA:35,10,0,0
BRDA:37,11,0,1
BRDA:37,11,1,1
BRDA:42,12,0,1
BRDA:42,12,1,0
BRDA:42,13,0,1
BRDA:42,13,1,1
BRDA:43,14,0,0
BRDA:43,14,1,1
BRDA:44,15,0,0
BRDA:44,15,1,1
BRDA:45,16,0,0
BRDA:45,16,1,1
BRDA:46,17,0,0
BRDA:46,17,1,1
BRDA:53,18,0,1
BRDA:53,18,1,0
BRDA:54,19,0,0
BRDA:54,19,1,1
BRDA:55,20,0,0
BRDA:55,20,1,1
BRDA:56,21,0,0
BRDA:56,21,1,1
BRDA:60,22,0,1
BRDA:60,22,1,0
BRDA:60,23,0,1
BRDA:60,23,1,1
BRDA:60,23,2,1
BRDA:60,23,3,0
BRF:49
BRH:30
end_of_record
TN:
SF:src\components\stateless\OneTimePasscode\index.tsx
FN:7,(anonymous_0)
FN:11,(anonymous_1)
FN:15,(anonymous_2)
FN:19,(anonymous_3)
FN:27,(anonymous_4)
FN:30,(anonymous_5)
FN:31,(anonymous_6)
FN:38,(anonymous_7)
FN:39,(anonymous_8)
FN:54,(anonymous_9)
FN:57,(anonymous_10)
FN:58,(anonymous_11)
FN:63,(anonymous_12)
FN:66,(anonymous_13)
FN:69,(anonymous_14)
FN:74,(anonymous_15)
FN:74,(anonymous_16)
FN:75,(anonymous_17)
FN:91,(anonymous_18)
FN:111,(anonymous_19)
FN:115,(anonymous_20)
FN:126,(anonymous_21)
FN:140,(anonymous_22)
FN:143,(anonymous_23)
FN:177,(anonymous_24)
FN:183,(anonymous_25)
FN:190,(anonymous_26)
FN:194,(anonymous_27)
FN:197,(anonymous_28)
FN:201,(anonymous_29)
FN:202,(anonymous_30)
FNF:31
FNH:27
FNDA:1,(anonymous_0)
FNDA:3,(anonymous_1)
FNDA:60,(anonymous_2)
FNDA:2,(anonymous_3)
FNDA:1,(anonymous_4)
FNDA:0,(anonymous_5)
FNDA:4,(anonymous_6)
FNDA:7,(anonymous_7)
FNDA:8,(anonymous_8)
FNDA:3,(anonymous_9)
FNDA:3,(anonymous_10)
FNDA:13,(anonymous_11)
FNDA:4,(anonymous_12)
FNDA:3,(anonymous_13)
FNDA:4,(anonymous_14)
FNDA:4,(anonymous_15)
FNDA:17,(anonymous_16)
FNDA:3,(anonymous_17)
FNDA:3,(anonymous_18)
FNDA:1,(anonymous_19)
FNDA:4,(anonymous_20)
FNDA:33,(anonymous_21)
FNDA:8,(anonymous_22)
FNDA:0,(anonymous_23)
FNDA:33,(anonymous_24)
FNDA:66,(anonymous_25)
FNDA:3,(anonymous_26)
FNDA:0,(anonymous_27)
FNDA:0,(anonymous_28)
FNDA:3,(anonymous_29)
FNDA:1,(anonymous_30)
DA:1,1
DA:2,1
DA:3,1
DA:4,1
DA:5,1
DA:6,1
DA:7,1
DA:8,1
DA:9,2
DA:11,1
DA:12,3
DA:13,3
DA:14,48
DA:15,60
DA:17,3
DA:19,2
DA:27,1
DA:28,1
DA:29,1
DA:30,0
DA:31,4
DA:33,1
DA:34,1
DA:35,1
DA:36,1
DA:37,1
DA:38,7
DA:39,1
DA:53,8
DA:54,8
DA:55,8
DA:56,8
DA:57,8
DA:58,3
DA:60,13
DA:63,8
DA:64,4
DA:66,8
DA:67,3
DA:69,8
DA:70,4
DA:71,4
DA:72,4
DA:74,17
DA:75,8
DA:76,3
DA:77,0
DA:78,0
DA:79,0
DA:80,0
DA:81,0
DA:83,3
DA:84,3
DA:85,3
DA:86,3
DA:87,3
DA:88,3
DA:89,3
DA:91,8
DA:93,3
DA:94,3
DA:95,0
DA:96,0
DA:97,0
DA:98,0
DA:99,0
DA:100,0
DA:101,0
DA:103,3
DA:104,0
DA:105,0
DA:106,3
DA:107,0
DA:108,0
DA:111,8
DA:113,1
DA:114,1
DA:115,4
DA:116,1
DA:117,1
DA:118,1
DA:119,4
DA:121,1
DA:122,1
DA:123,1
DA:124,1
DA:126,33
DA:127,8
DA:128,8
DA:129,8
DA:130,8
DA:131,8
DA:132,8
DA:133,8
DA:135,0
DA:137,8
DA:138,8
DA:139,8
DA:140,8
DA:141,8
DA:142,8
DA:143,0
DA:146,8
DA:147,8
DA:148,8
DA:149,8
DA:151,8
DA:159,8
DA:160,8
DA:177,8
DA:179,33
DA:184,66
DA:191,3
DA:192,3
DA:195,0
DA:198,0
DA:199,0
DA:201,3
DA:202,1
DA:211,1
LF:120
LH:98
BRDA:12,0,0,3
BRDA:12,0,1,0
BRDA:12,1,0,3
BRDA:12,1,1,3
BRDA:12,1,2,0
BRDA:14,2,0,48
BRDA:14,2,1,0
BRDA:14,3,0,48
BRDA:14,3,1,48
BRDA:15,4,0,48
BRDA:15,4,1,48
BRDA:19,5,0,2
BRDA:19,5,1,0
BRDA:24,6,0,1
BRDA:24,6,1,1
BRDA:24,7,0,2
BRDA:24,7,1,2
BRDA:24,7,2,2
BRDA:38,8,0,7
BRDA:38,8,1,7
BRDA:40,9,0,0
BRDA:43,10,0,8
BRDA:44,11,0,8
BRDA:49,12,0,8
BRDA:50,13,0,8
BRDA:54,14,0,1
BRDA:54,14,1,2
BRDA:60,15,0,13
BRDA:60,15,1,0
BRDA:64,16,0,2
BRDA:64,16,1,2
BRDA:64,17,0,2
BRDA:64,17,1,0
BRDA:67,18,0,0
BRDA:67,18,1,3
BRDA:67,19,0,3
BRDA:67,19,1,0
BRDA:71,20,0,3
BRDA:71,20,1,1
BRDA:72,21,0,0
BRDA:72,21,1,4
BRDA:74,22,0,17
BRDA:74,22,1,4
BRDA:74,22,2,16
BRDA:76,23,0,0
BRDA:76,23,1,3
BRDA:77,24,0,0
BRDA:77,24,1,0
BRDA:77,25,0,0
BRDA:77,25,1,0
BRDA:83,26,0,0
BRDA:83,26,1,3
BRDA:84,27,0,1
BRDA:84,27,1,2
BRDA:84,28,0,1
BRDA:84,28,1,0
BRDA:89,29,0,3
BRDA:89,29,1,0
BRDA:94,30,0,0
BRDA:94,30,1,3
BRDA:95,31,0,0
BRDA:95,31,1,0
BRDA:95,32,0,0
BRDA:95,32,1,0
BRDA:97,33,0,0
BRDA:97,33,1,0
BRDA:98,34,0,0
BRDA:98,34,1,0
BRDA:98,35,0,0
BRDA:98,35,1,0
BRDA:103,36,0,0
BRDA:103,36,1,3
BRDA:104,37,0,0
BRDA:104,37,1,0
BRDA:104,38,0,0
BRDA:104,38,1,0
BRDA:106,39,0,0
BRDA:106,39,1,3
BRDA:107,40,0,0
BRDA:107,40,1,0
BRDA:107,41,0,0
BRDA:107,41,1,0
BRDA:114,42,0,0
BRDA:114,42,1,1
BRDA:116,43,0,0
BRDA:116,43,1,1
BRDA:117,44,0,0
BRDA:117,44,1,1
BRDA:117,45,0,0
BRDA:117,45,1,0
BRDA:118,46,0,5
BRDA:118,46,1,4
BRDA:123,47,0,0
BRDA:123,47,1,1
BRDA:126,48,0,33
BRDA:126,48,1,24
BRDA:126,49,0,9
BRDA:126,49,1,24
BRDA:126,50,0,9
BRDA:126,50,1,0
BRDA:127,51,0,8
BRDA:127,51,1,0
BRDA:132,52,0,0
BRDA:132,52,1,8
BRDA:132,53,0,0
BRDA:132,53,1,8
BRDA:133,54,0,8
BRDA:133,54,1,0
BRDA:133,55,0,0
BRDA:133,55,1,8
BRDA:137,56,0,8
BRDA:137,56,1,0
BRDA:138,57,0,8
BRDA:138,57,1,0
BRDA:138,58,0,0
BRDA:138,58,1,8
BRDA:138,59,0,8
BRDA:138,59,1,0
BRDA:139,60,0,0
BRDA:139,60,1,8
BRDA:139,61,0,8
BRDA:139,61,1,0
BRDA:143,62,0,0
BRDA:143,62,1,8
BRDA:154,63,0,8
BRDA:154,63,1,0
BRDA:154,64,0,0
BRDA:154,64,1,0
BRDA:155,65,0,8
BRDA:155,65,1,0
BRDA:155,66,0,0
BRDA:155,66,1,0
BRDA:156,67,0,0
BRDA:156,67,1,8
BRDA:157,68,0,0
BRDA:157,68,1,8
BRDA:159,69,0,0
BRDA:159,69,1,8
BRDA:159,70,0,0
BRDA:159,70,1,8
BRDA:160,71,0,0
BRDA:160,71,1,8
BRDA:177,72,0,0
BRDA:177,72,1,8
BRDA:189,73,0,33
BRDA:189,73,1,0
BRDA:191,74,0,0
BRDA:191,74,1,3
BRDA:204,75,0,0
BRDA:204,75,1,33
BRDA:204,76,0,0
BRDA:204,76,1,33
BRF:152
BRH:78
end_of_record
TN:
SF:src\components\stateless\SafeHtml\index.tsx
FN:7,(anonymous_0)
FN:11,(anonymous_1)
FN:15,(anonymous_2)
FN:19,(anonymous_3)
FN:27,(anonymous_4)
FN:30,(anonymous_5)
FN:98,(anonymous_6)
FN:103,(anonymous_7)
FN:105,(anonymous_8)
FNF:9
FNH:8
FNDA:1,(anonymous_0)
FNDA:3,(anonymous_1)
FNDA:9,(anonymous_2)
FNDA:2,(anonymous_3)
FNDA:1,(anonymous_4)
FNDA:4,(anonymous_5)
FNDA:0,(anonymous_6)
FNDA:4,(anonymous_7)
FNDA:4,(anonymous_8)
DA:1,1
DA:2,1
DA:3,1
DA:4,1
DA:5,1
DA:6,1
DA:7,1
DA:8,1
DA:9,1
DA:11,1
DA:12,3
DA:13,3
DA:14,58
DA:15,58
DA:17,3
DA:19,2
DA:27,1
DA:28,1
DA:29,1
DA:30,4
DA:32,1
DA:33,1
DA:34,1
DA:35,1
DA:98,0
DA:102,1
DA:104,4
DA:105,4
DA:106,4
DA:107,4
DA:108,4
DA:110,4
DA:111,3
DA:118,1
LF:34
LH:33
BRDA:12,0,0,3
BRDA:12,0,1,0
BRDA:12,1,0,3
BRDA:12,1,1,3
BRDA:12,1,2,1
BRDA:14,2,0,58
BRDA:14,2,1,0
BRDA:14,3,0,58
BRDA:14,3,1,58
BRDA:15,4,0,58
BRDA:15,4,1,58
BRDA:19,5,0,2
BRDA:19,5,1,0
BRDA:24,6,0,2
BRDA:24,6,1,0
BRDA:24,7,0,2
BRDA:24,7,1,2
BRDA:24,7,2,2
BRDA:103,8,0,4
BRDA:103,9,0,3
BRDA:103,10,0,3
BRDA:103,11,0,4
BRDA:110,12,0,1
BRDA:110,12,1,3
BRDA:110,13,0,4
BRDA:110,13,1,1
BRF:26
BRH:22
end_of_record
TN:
SF:src\components\stateless\StickyCard\index.jsx
FN:7,(anonymous_0)
FN:11,(anonymous_1)
FN:15,(anonymous_2)
FN:19,(anonymous_3)
FN:27,(anonymous_4)
FN:30,(anonymous_5)
FN:35,(anonymous_6)
FN:36,(anonymous_7)
FNF:8
FNH:8
FNDA:1,(anonymous_0)
FNDA:3,(anonymous_1)
FNDA:2,(anonymous_2)
FNDA:2,(anonymous_3)
FNDA:1,(anonymous_4)
FNDA:2,(anonymous_5)
FNDA:2,(anonymous_6)
FNDA:6,(anonymous_7)
DA:1,1
DA:2,1
DA:3,1
DA:4,1
DA:5,1
DA:6,1
DA:7,1
DA:8,1
DA:9,1
DA:11,1
DA:12,3
DA:13,3
DA:14,29
DA:15,29
DA:17,3
DA:19,2
DA:27,1
DA:28,1
DA:29,1
DA:30,2
DA:32,1
DA:33,1
DA:34,1
DA:35,1
DA:36,2
DA:37,6
DA:38,6
DA:52,1
DA:56,1
LF:29
LH:29
BRDA:12,0,0,3
BRDA:12,0,1,0
BRDA:12,1,0,3
BRDA:12,1,1,3
BRDA:12,1,2,1
BRDA:14,2,0,29
BRDA:14,2,1,0
BRDA:14,3,0,29
BRDA:14,3,1,29
BRDA:15,4,0,29
BRDA:15,4,1,29
BRDA:19,5,0,2
BRDA:19,5,1,0
BRDA:24,6,0,2
BRDA:24,6,1,0
BRDA:24,7,0,2
BRDA:24,7,1,2
BRDA:24,7,2,2
BRDA:37,8,0,4
BRDA:37,8,1,2
BRDA:41,9,0,0
BRDA:41,9,1,6
BRF:22
BRH:17
end_of_record
TN:
SF:src\theme\hooks.tsx
FN:7,(anonymous_0)
FN:11,(anonymous_1)
FN:15,(anonymous_2)
FN:19,(anonymous_3)
FN:27,(anonymous_4)
FN:30,(anonymous_5)
FN:31,(anonymous_6)
FN:32,(anonymous_7)
FN:33,(anonymous_8)
FN:52,(anonymous_9)
FN:60,(anonymous_10)
FN:61,(anonymous_11)
FN:72,(anonymous_12)
FN:89,(anonymous_13)
FN:92,(anonymous_14)
FN:99,(anonymous_15)
FN:104,(anonymous_16)
FN:105,(anonymous_17)
FN:108,(anonymous_18)
FN:113,(anonymous_19)
FNF:20
FNH:7
FNDA:1,(anonymous_0)
FNDA:2,(anonymous_1)
FNDA:17,(anonymous_2)
FNDA:1,(anonymous_3)
FNDA:1,(anonymous_4)
FNDA:0,(anonymous_5)
FNDA:0,(anonymous_6)
FNDA:8,(anonymous_7)
FNDA:0,(anonymous_8)
FNDA:0,(anonymous_9)
FNDA:0,(anonymous_10)
FNDA:0,(anonymous_11)
FNDA:0,(anonymous_12)
FNDA:0,(anonymous_13)
FNDA:0,(anonymous_14)
FNDA:0,(anonymous_15)
FNDA:0,(anonymous_16)
FNDA:0,(anonymous_17)
FNDA:0,(anonymous_18)
FNDA:8,(anonymous_19)
DA:1,1
DA:2,1
DA:3,1
DA:4,1
DA:5,1
DA:6,1
DA:7,1
DA:8,1
DA:9,4
DA:11,1
DA:12,2
DA:13,2
DA:14,48
DA:15,48
DA:17,2
DA:19,1
DA:27,1
DA:28,1
DA:29,1
DA:30,0
DA:31,0
DA:32,8
DA:33,0
DA:35,1
DA:36,1
DA:37,1
DA:51,1
DA:52,1
DA:53,0
DA:54,0
DA:55,0
DA:57,0
DA:59,1
DA:60,1
DA:61,0
DA:62,0
DA:63,0
DA:64,0
DA:65,0
DA:67,0
DA:70,0
DA:72,0
DA:73,0
DA:74,0
DA:75,0
DA:76,0
DA:77,0
DA:78,0
DA:80,0
DA:81,0
DA:82,0
DA:83,0
DA:84,0
DA:86,0
DA:89,0
DA:90,0
DA:91,0
DA:92,0
DA:93,0
DA:94,0
DA:97,0
DA:98,0
DA:99,0
DA:100,0
DA:101,0
DA:104,0
DA:105,0
DA:107,0
DA:108,0
DA:111,0
DA:113,1
DA:114,8
LF:72
LH:29
BRDA:12,0,0,2
BRDA:12,0,1,0
BRDA:12,1,0,2
BRDA:12,1,1,2
BRDA:12,1,2,0
BRDA:14,2,0,48
BRDA:14,2,1,0
BRDA:14,3,0,48
BRDA:14,3,1,48
BRDA:15,4,0,48
BRDA:15,4,1,48
BRDA:19,5,0,1
BRDA:19,5,1,0
BRDA:24,6,0,1
BRDA:24,6,1,0
BRDA:24,7,0,1
BRDA:24,7,1,1
BRDA:24,7,2,1
BRDA:54,8,0,0
BRDA:54,8,1,0
BRDA:63,9,0,0
BRDA:63,9,1,0
BRDA:75,10,0,0
BRDA:75,10,1,0
BRDA:77,11,0,0
BRDA:77,11,1,0
BRDA:78,12,0,0
BRDA:78,12,1,0
BRDA:78,13,0,0
BRDA:78,13,1,0
BRDA:81,14,0,0
BRDA:81,14,1,0
BRDA:83,15,0,0
BRDA:83,15,1,0
BRDA:90,16,0,0
BRDA:90,16,1,0
BRDA:90,17,0,0
BRDA:90,17,1,0
BRDA:93,18,0,0
BRDA:93,18,1,0
BRDA:94,19,0,0
BRDA:94,19,1,0
BRDA:97,20,0,0
BRDA:97,20,1,0
BRDA:98,21,0,0
BRDA:98,21,1,0
BRDA:100,22,0,0
BRDA:100,22,1,0
BRDA:101,23,0,0
BRDA:101,23,1,0
BRF:50
BRH:13
end_of_record
